# JRE version: OpenJDK Runtime Environment (8.0_202-b03) (build 1.8.0_202-release-1483-b03)
# Java VM: OpenJDK 64-Bit Server VM (25.202-b03 mixed mode windows-amd64 compressed oops)
Heap:
 PSYoungGen      total 119808K, used 45344K [0x00000000e0000000, 0x00000000eab00000, 0x0000000100000000)
  eden space 109056K, 41% used [0x00000000e0000000,0x00000000e2c48300,0x00000000e6a80000)
  from space 10752K, 0% used [0x00000000e6a80000,0x00000000e6a80000,0x00000000e7500000)
  to   space 11776K, 0% used [0x00000000e9f80000,0x00000000e9f80000,0x00000000eab00000)
 ParOldGen       total 89088K, used 16958K [0x00000000a0000000, 0x00000000a5700000, 0x00000000e0000000)
  object space 89088K, 19% used [0x00000000a0000000,0x00000000a108fbf8,0x00000000a5700000)
 Metaspace       used 40845K, capacity 41672K, committed 41944K, reserved 1085440K
  class space    used 5516K, capacity 5768K, committed 5888K, reserved 1048576K
GC Heap History (10 events):
Event: 4.279 GC heap before
{Heap before GC invocations=7 (full 1):
 PSYoungGen      total 76288K, used 6676K [0x00000000e0000000, 0x00000000e5500000, 0x0000000100000000)
  eden space 66560K, 0% used [0x00000000e0000000,0x00000000e0000000,0x00000000e4100000)
  from space 9728K, 68% used [0x00000000e4b80000,0x00000000e5205200,0x00000000e5500000)
  to   space 10240K, 0% used [0x00000000e4100000,0x00000000e4100000,0x00000000e4b00000)
 ParOldGen       total 87552K, used 8632K [0x00000000a0000000, 0x00000000a5580000, 0x00000000e0000000)
  object space 87552K, 9% used [0x00000000a0000000,0x00000000a086e0d8,0x00000000a5580000)
 Metaspace       used 20739K, capacity 21108K, committed 21248K, reserved 1067008K
  class space    used 2916K, capacity 3062K, committed 3072K, reserved 1048576K
Event: 4.333 GC heap after
Heap after GC invocations=7 (full 1):
 PSYoungGen      total 76288K, used 0K [0x00000000e0000000, 0x00000000e5500000, 0x0000000100000000)
  eden space 66560K, 0% used [0x00000000e0000000,0x00000000e0000000,0x00000000e4100000)
  from space 9728K, 0% used [0x00000000e4b80000,0x00000000e4b80000,0x00000000e5500000)
  to   space 10240K, 0% used [0x00000000e4100000,0x00000000e4100000,0x00000000e4b00000)
 ParOldGen       total 56832K, used 7669K [0x00000000a0000000, 0x00000000a3780000, 0x00000000e0000000)
  object space 56832K, 13% used [0x00000000a0000000,0x00000000a077d750,0x00000000a3780000)
 Metaspace       used 20739K, capacity 21108K, committed 21248K, reserved 1067008K
  class space    used 2916K, capacity 3062K, committed 3072K, reserved 1048576K
}
Event: 5.469 GC heap before
{Heap before GC invocations=8 (full 1):
 PSYoungGen      total 76288K, used 66560K [0x00000000e0000000, 0x00000000e5500000, 0x0000000100000000)
  eden space 66560K, 100% used [0x00000000e0000000,0x00000000e4100000,0x00000000e4100000)
  from space 9728K, 0% used [0x00000000e4b80000,0x00000000e4b80000,0x00000000e5500000)
  to   space 10240K, 0% used [0x00000000e4100000,0x00000000e4100000,0x00000000e4b00000)
 ParOldGen       total 56832K, used 7669K [0x00000000a0000000, 0x00000000a3780000, 0x00000000e0000000)
  object space 56832K, 13% used [0x00000000a0000000,0x00000000a077d750,0x00000000a3780000)
 Metaspace       used 28826K, capacity 29274K, committed 29696K, reserved 1075200K
  class space    used 3876K, capacity 4045K, committed 4096K, reserved 1048576K
Event: 5.487 GC heap after
Heap after GC invocations=8 (full 1):
 PSYoungGen      total 76800K, used 7964K [0x00000000e0000000, 0x00000000e8000000, 0x0000000100000000)
  eden space 66560K, 0% used [0x00000000e0000000,0x00000000e0000000,0x00000000e4100000)
  from space 10240K, 77% used [0x00000000e4100000,0x00000000e48c7390,0x00000000e4b00000)
  to   space 10240K, 0% used [0x00000000e7600000,0x00000000e7600000,0x00000000e8000000)
 ParOldGen       total 56832K, used 7677K [0x00000000a0000000, 0x00000000a3780000, 0x00000000e0000000)
  object space 56832K, 13% used [0x00000000a0000000,0x00000000a077f750,0x00000000a3780000)
 Metaspace       used 28826K, capacity 29274K, committed 29696K, reserved 1075200K
  class space    used 3876K, capacity 4045K, committed 4096K, reserved 1048576K
}
Event: 6.226 GC heap before
{Heap before GC invocations=9 (full 1):
 PSYoungGen      total 76800K, used 74524K [0x00000000e0000000, 0x00000000e8000000, 0x0000000100000000)
  eden space 66560K, 100% used [0x00000000e0000000,0x00000000e4100000,0x00000000e4100000)
  from space 10240K, 77% used [0x00000000e4100000,0x00000000e48c7390,0x00000000e4b00000)
  to   space 10240K, 0% used [0x00000000e7600000,0x00000000e7600000,0x00000000e8000000)
 ParOldGen       total 56832K, used 7677K [0x00000000a0000000, 0x00000000a3780000, 0x00000000e0000000)
  object space 56832K, 13% used [0x00000000a0000000,0x00000000a077f750,0x00000000a3780000)
 Metaspace       used 31955K, capacity 32428K, committed 32768K, reserved 1077248K
  class space    used 4397K, capacity 4563K, committed 4608K, reserved 1048576K
Event: 6.238 GC heap after
Heap after GC invocations=9 (full 1):
 PSYoungGen      total 118784K, used 8445K [0x00000000e0000000, 0x00000000e7f80000, 0x0000000100000000)
  eden space 109056K, 0% used [0x00000000e0000000,0x00000000e0000000,0x00000000e6a80000)
  from space 9728K, 86% used [0x00000000e7600000,0x00000000e7e3f4f8,0x00000000e7f80000)
  to   space 10752K, 0% used [0x00000000e6a80000,0x00000000e6a80000,0x00000000e7500000)
 ParOldGen       total 56832K, used 7685K [0x00000000a0000000, 0x00000000a3780000, 0x00000000e0000000)
  object space 56832K, 13% used [0x00000000a0000000,0x00000000a0781750,0x00000000a3780000)
 Metaspace       used 31955K, capacity 32428K, committed 32768K, reserved 1077248K
  class space    used 4397K, capacity 4563K, committed 4608K, reserved 1048576K
}
Event: 7.299 GC heap before
{Heap before GC invocations=10 (full 1):
 PSYoungGen      total 118784K, used 65463K [0x00000000e0000000, 0x00000000e7f80000, 0x0000000100000000)
  eden space 109056K, 52% used [0x00000000e0000000,0x00000000e37ae7c8,0x00000000e6a80000)
  from space 9728K, 86% used [0x00000000e7600000,0x00000000e7e3f4f8,0x00000000e7f80000)
  to   space 10752K, 0% used [0x00000000e6a80000,0x00000000e6a80000,0x00000000e7500000)
 ParOldGen       total 56832K, used 7685K [0x00000000a0000000, 0x00000000a3780000, 0x00000000e0000000)
  object space 56832K, 13% used [0x00000000a0000000,0x00000000a0781750,0x00000000a3780000)
 Metaspace       used 34594K, capacity 35274K, committed 35416K, reserved 1079296K
  class space    used 4744K, capacity 4966K, committed 4992K, reserved 1048576K
Event: 7.325 GC heap after
Heap after GC invocations=10 (full 1):
 PSYoungGen      total 119808K, used 10335K [0x00000000e0000000, 0x00000000eab00000, 0x0000000100000000)
  eden space 109056K, 0% used [0x00000000e0000000,0x00000000e0000000,0x00000000e6a80000)
  from space 10752K, 96% used [0x00000000e6a80000,0x00000000e7497f60,0x00000000e7500000)
  to   space 11776K, 0% used [0x00000000e9f80000,0x00000000e9f80000,0x00000000eab00000)
 ParOldGen       total 56832K, used 7693K [0x00000000a0000000, 0x00000000a3780000, 0x00000000e0000000)
  object space 56832K, 13% used [0x00000000a0000000,0x00000000a0783750,0x00000000a3780000)
 Metaspace       used 34594K, capacity 35274K, committed 35416K, reserved 1079296K
  class space    used 4744K, capacity 4966K, committed 4992K, reserved 1048576K
}
Event: 7.326 GC heap before
{Heap before GC invocations=11 (full 2):
 PSYoungGen      total 119808K, used 10335K [0x00000000e0000000, 0x00000000eab00000, 0x0000000100000000)
  eden space 109056K, 0% used [0x00000000e0000000,0x00000000e0000000,0x00000000e6a80000)
  from space 10752K, 96% used [0x00000000e6a80000,0x00000000e7497f60,0x00000000e7500000)
  to   space 11776K, 0% used [0x00000000e9f80000,0x00000000e9f80000,0x00000000eab00000)
 ParOldGen       total 56832K, used 7693K [0x00000000a0000000, 0x00000000a3780000, 0x00000000e0000000)
  object space 56832K, 13% used [0x00000000a0000000,0x00000000a0783750,0x00000000a3780000)
 Metaspace       used 34594K, capacity 35274K, committed 35416K, reserved 1079296K
  class space    used 4744K, capacity 4966K, committed 4992K, reserved 1048576K
Event: 7.446 GC heap after
Heap after GC invocations=11 (full 2):
 PSYoungGen      total 119808K, used 0K [0x00000000e0000000, 0x00000000eab00000, 0x0000000100000000)
  eden space 109056K, 0% used [0x00000000e0000000,0x00000000e0000000,0x00000000e6a80000)
  from space 10752K, 0% used [0x00000000e6a80000,0x00000000e6a80000,0x00000000e7500000)
  to   space 11776K, 0% used [0x00000000e9f80000,0x00000000e9f80000,0x00000000eab00000)
 ParOldGen       total 89088K, used 16958K [0x00000000a0000000, 0x00000000a5700000, 0x00000000e0000000)
  object space 89088K, 19% used [0x00000000a0000000,0x00000000a108fbf8,0x00000000a5700000)
 Metaspace       used 34593K, capacity 35268K, committed 35416K, reserved 1079296K
  class space    used 4743K, capacity 4965K, committed 4992K, reserved 1048576K
}

