# JRE version: OpenJDK Runtime Environment (8.0_202-b03) (build 1.8.0_202-release-1483-b03)
# Java VM: OpenJDK 64-Bit Server VM (25.202-b03 mixed mode windows-amd64 compressed oops)
Heap:
 PSYoungGen      total 408064K, used 100409K [0x00000000e0000000, 0x0000000100000000, 0x0000000100000000)
  eden space 321024K, 4% used [0x00000000e0000000,0x00000000e0d73070,0x00000000f3980000)
  from space 87040K, 99% used [0x00000000f3980000,0x00000000f8e1b510,0x00000000f8e80000)
  to   space 111616K, 0% used [0x00000000f9300000,0x00000000f9300000,0x0000000100000000)
 ParOldGen       total 307712K, used 251729K [0x00000000a0000000, 0x00000000b2c80000, 0x00000000e0000000)
  object space 307712K, 81% used [0x00000000a0000000,0x00000000af5d47e8,0x00000000b2c80000)
 Metaspace       used 90706K, capacity 95520K, committed 95704K, reserved 1132544K
  class space    used 11555K, capacity 12494K, committed 12544K, reserved 1048576K
GC Heap History (10 events):
Event: 7355.081 GC heap before
{Heap before GC invocations=40 (full 5):
 PSYoungGen      total 420864K, used 394709K [0x00000000e0000000, 0x0000000100000000, 0x0000000100000000)
  eden space 337408K, 100% used [0x00000000e0000000,0x00000000f4980000,0x00000000f4980000)
  from space 83456K, 68% used [0x00000000fa080000,0x00000000fd875778,0x00000000ff200000)
  to   space 89088K, 0% used [0x00000000f4980000,0x00000000f4980000,0x00000000fa080000)
 ParOldGen       total 307712K, used 238925K [0x00000000a0000000, 0x00000000b2c80000, 0x00000000e0000000)
  object space 307712K, 77% used [0x00000000a0000000,0x00000000ae9535d8,0x00000000b2c80000)
 Metaspace       used 90081K, capacity 94664K, committed 94808K, reserved 1132544K
  class space    used 11504K, capacity 12398K, committed 12416K, reserved 1048576K
Event: 7355.113 GC heap after
Heap after GC invocations=40 (full 5):
 PSYoungGen      total 426496K, used 4544K [0x00000000e0000000, 0x0000000100000000, 0x0000000100000000)
  eden space 337408K, 0% used [0x00000000e0000000,0x00000000e0000000,0x00000000f4980000)
  from space 89088K, 5% used [0x00000000f4980000,0x00000000f4df0020,0x00000000fa080000)
  to   space 87552K, 0% used [0x00000000faa80000,0x00000000faa80000,0x0000000100000000)
 ParOldGen       total 307712K, used 240271K [0x00000000a0000000, 0x00000000b2c80000, 0x00000000e0000000)
  object space 307712K, 78% used [0x00000000a0000000,0x00000000aeaa3d88,0x00000000b2c80000)
 Metaspace       used 90081K, capacity 94664K, committed 94808K, reserved 1132544K
  class space    used 11504K, capacity 12398K, committed 12416K, reserved 1048576K
}
Event: 7363.190 GC heap before
{Heap before GC invocations=41 (full 5):
 PSYoungGen      total 426496K, used 341828K [0x00000000e0000000, 0x0000000100000000, 0x0000000100000000)
  eden space 337408K, 99% used [0x00000000e0000000,0x00000000f4961220,0x00000000f4980000)
  from space 89088K, 5% used [0x00000000f4980000,0x00000000f4df0020,0x00000000fa080000)
  to   space 87552K, 0% used [0x00000000faa80000,0x00000000faa80000,0x0000000100000000)
 ParOldGen       total 307712K, used 240271K [0x00000000a0000000, 0x00000000b2c80000, 0x00000000e0000000)
  object space 307712K, 78% used [0x00000000a0000000,0x00000000aeaa3d88,0x00000000b2c80000)
 Metaspace       used 90145K, capacity 94870K, committed 95064K, reserved 1132544K
  class space    used 11511K, capacity 12411K, committed 12416K, reserved 1048576K
Event: 7363.421 GC heap after
Heap after GC invocations=41 (full 5):
 PSYoungGen      total 406016K, used 84792K [0x00000000e0000000, 0x0000000100000000, 0x0000000100000000)
  eden space 318464K, 0% used [0x00000000e0000000,0x00000000e0000000,0x00000000f3700000)
  from space 87552K, 96% used [0x00000000faa80000,0x00000000ffd4e208,0x0000000100000000)
  to   space 102912K, 0% used [0x00000000f3700000,0x00000000f3700000,0x00000000f9b80000)
 ParOldGen       total 307712K, used 244293K [0x00000000a0000000, 0x00000000b2c80000, 0x00000000e0000000)
  object space 307712K, 79% used [0x00000000a0000000,0x00000000aee915f8,0x00000000b2c80000)
 Metaspace       used 90145K, capacity 94870K, committed 95064K, reserved 1132544K
  class space    used 11511K, capacity 12411K, committed 12416K, reserved 1048576K
}
Event: 8764.967 GC heap before
{Heap before GC invocations=42 (full 5):
 PSYoungGen      total 406016K, used 403256K [0x00000000e0000000, 0x0000000100000000, 0x0000000100000000)
  eden space 318464K, 100% used [0x00000000e0000000,0x00000000f3700000,0x00000000f3700000)
  from space 87552K, 96% used [0x00000000faa80000,0x00000000ffd4e208,0x0000000100000000)
  to   space 102912K, 0% used [0x00000000f3700000,0x00000000f3700000,0x00000000f9b80000)
 ParOldGen       total 307712K, used 244293K [0x00000000a0000000, 0x00000000b2c80000, 0x00000000e0000000)
  object space 307712K, 79% used [0x00000000a0000000,0x00000000aee915f8,0x00000000b2c80000)
 Metaspace       used 90571K, capacity 95426K, committed 95704K, reserved 1132544K
  class space    used 11552K, capacity 12491K, committed 12544K, reserved 1048576K
Event: 8765.004 GC heap after
Heap after GC invocations=42 (full 5):
 PSYoungGen      total 421376K, used 6070K [0x00000000e0000000, 0x0000000100000000, 0x0000000100000000)
  eden space 318464K, 0% used [0x00000000e0000000,0x00000000e0000000,0x00000000f3700000)
  from space 102912K, 5% used [0x00000000f3700000,0x00000000f3ceda00,0x00000000f9b80000)
  to   space 100352K, 0% used [0x00000000f9e00000,0x00000000f9e00000,0x0000000100000000)
 ParOldGen       total 307712K, used 245030K [0x00000000a0000000, 0x00000000b2c80000, 0x00000000e0000000)
  object space 307712K, 79% used [0x00000000a0000000,0x00000000aef498b8,0x00000000b2c80000)
 Metaspace       used 90571K, capacity 95426K, committed 95704K, reserved 1132544K
  class space    used 11552K, capacity 12491K, committed 12544K, reserved 1048576K
}
Event: 8787.459 GC heap before
{Heap before GC invocations=43 (full 5):
 PSYoungGen      total 421376K, used 324534K [0x00000000e0000000, 0x0000000100000000, 0x0000000100000000)
  eden space 318464K, 100% used [0x00000000e0000000,0x00000000f3700000,0x00000000f3700000)
  from space 102912K, 5% used [0x00000000f3700000,0x00000000f3ceda00,0x00000000f9b80000)
  to   space 100352K, 0% used [0x00000000f9e00000,0x00000000f9e00000,0x0000000100000000)
 ParOldGen       total 307712K, used 245030K [0x00000000a0000000, 0x00000000b2c80000, 0x00000000e0000000)
  object space 307712K, 79% used [0x00000000a0000000,0x00000000aef498b8,0x00000000b2c80000)
 Metaspace       used 90693K, capacity 95510K, committed 95704K, reserved 1132544K
  class space    used 11555K, capacity 12493K, committed 12544K, reserved 1048576K
Event: 8787.535 GC heap after
Heap after GC invocations=43 (full 5):
 PSYoungGen      total 411648K, used 11279K [0x00000000e0000000, 0x00000000ff680000, 0x0000000100000000)
  eden space 321024K, 0% used [0x00000000e0000000,0x00000000e0000000,0x00000000f3980000)
  from space 90624K, 12% used [0x00000000f9e00000,0x00000000fa903da8,0x00000000ff680000)
  to   space 96768K, 0% used [0x00000000f3980000,0x00000000f3980000,0x00000000f9800000)
 ParOldGen       total 307712K, used 245974K [0x00000000a0000000, 0x00000000b2c80000, 0x00000000e0000000)
  object space 307712K, 79% used [0x00000000a0000000,0x00000000af035958,0x00000000b2c80000)
 Metaspace       used 90693K, capacity 95510K, committed 95704K, reserved 1132544K
  class space    used 11555K, capacity 12493K, committed 12544K, reserved 1048576K
}
Event: 8798.470 GC heap before
{Heap before GC invocations=44 (full 5):
 PSYoungGen      total 411648K, used 323816K [0x00000000e0000000, 0x00000000ff680000, 0x0000000100000000)
  eden space 321024K, 97% used [0x00000000e0000000,0x00000000f3136610,0x00000000f3980000)
  from space 90624K, 12% used [0x00000000f9e00000,0x00000000fa903da8,0x00000000ff680000)
  to   space 96768K, 0% used [0x00000000f3980000,0x00000000f3980000,0x00000000f9800000)
 ParOldGen       total 307712K, used 245974K [0x00000000a0000000, 0x00000000b2c80000, 0x00000000e0000000)
  object space 307712K, 79% used [0x00000000a0000000,0x00000000af035958,0x00000000b2c80000)
 Metaspace       used 90706K, capacity 95520K, committed 95704K, reserved 1132544K
  class space    used 11555K, capacity 12494K, committed 12544K, reserved 1048576K
Event: 8798.898 GC heap after
Heap after GC invocations=44 (full 5):
 PSYoungGen      total 408064K, used 86637K [0x00000000e0000000, 0x0000000100000000, 0x0000000100000000)
  eden space 321024K, 0% used [0x00000000e0000000,0x00000000e0000000,0x00000000f3980000)
  from space 87040K, 99% used [0x00000000f3980000,0x00000000f8e1b510,0x00000000f8e80000)
  to   space 111616K, 0% used [0x00000000f9300000,0x00000000f9300000,0x0000000100000000)
 ParOldGen       total 307712K, used 251729K [0x00000000a0000000, 0x00000000b2c80000, 0x00000000e0000000)
  object space 307712K, 81% used [0x00000000a0000000,0x00000000af5d47e8,0x00000000b2c80000)
 Metaspace       used 90706K, capacity 95520K, committed 95704K, reserved 1132544K
  class space    used 11555K, capacity 12494K, committed 12544K, reserved 1048576K
}

