# JRE version: OpenJDK Runtime Environment (8.0_202-b03) (build 1.8.0_202-release-1483-b03)
# Java VM: OpenJDK 64-Bit Server VM (25.202-b03 mixed mode windows-amd64 compressed oops)
Heap:
 PSYoungGen      total 198144K, used 28397K [0x00000000eab00000, 0x00000000f8000000, 0x0000000100000000)
  eden space 179712K, 15% used [0x00000000eab00000,0x00000000ec6bb430,0x00000000f5a80000)
  from space 18432K, 0% used [0x00000000f6c80000,0x00000000f6c80000,0x00000000f7e80000)
  to   space 18432K, 0% used [0x00000000f5a80000,0x00000000f5a80000,0x00000000f6c80000)
 ParOldGen       total 135680K, used 34724K [0x00000000c0000000, 0x00000000c8480000, 0x00000000eab00000)
  object space 135680K, 25% used [0x00000000c0000000,0x00000000c21e93a8,0x00000000c8480000)
 Metaspace       used 57610K, capacity 59694K, committed 59904K, reserved 1101824K
  class space    used 7910K, capacity 8374K, committed 8448K, reserved 1048576K
GC Heap History (10 events):
Event: 7.982 GC heap before
{Heap before GC invocations=11 (full 2):
 PSYoungGen      total 117248K, used 9795K [0x00000000eab00000, 0x00000000f4f80000, 0x0000000100000000)
  eden space 105984K, 0% used [0x00000000eab00000,0x00000000eab00000,0x00000000f1280000)
  from space 11264K, 86% used [0x00000000f1280000,0x00000000f1c10f30,0x00000000f1d80000)
  to   space 11776K, 0% used [0x00000000f4400000,0x00000000f4400000,0x00000000f4f80000)
 ParOldGen       total 57856K, used 8180K [0x00000000c0000000, 0x00000000c3880000, 0x00000000eab00000)
  object space 57856K, 14% used [0x00000000c0000000,0x00000000c07fd2c0,0x00000000c3880000)
 Metaspace       used 34531K, capacity 35456K, committed 35456K, reserved 1079296K
  class space    used 4776K, capacity 4992K, committed 4992K, reserved 1048576K
Event: 8.068 GC heap after
Heap after GC invocations=11 (full 2):
 PSYoungGen      total 117248K, used 0K [0x00000000eab00000, 0x00000000f4f80000, 0x0000000100000000)
  eden space 105984K, 0% used [0x00000000eab00000,0x00000000eab00000,0x00000000f1280000)
  from space 11264K, 0% used [0x00000000f1280000,0x00000000f1280000,0x00000000f1d80000)
  to   space 11776K, 0% used [0x00000000f4400000,0x00000000f4400000,0x00000000f4f80000)
 ParOldGen       total 87040K, used 16810K [0x00000000c0000000, 0x00000000c5500000, 0x00000000eab00000)
  object space 87040K, 19% used [0x00000000c0000000,0x00000000c106a9a8,0x00000000c5500000)
 Metaspace       used 34531K, capacity 35456K, committed 35456K, reserved 1079296K
  class space    used 4776K, capacity 4992K, committed 4992K, reserved 1048576K
}
Event: 9.873 GC heap before
{Heap before GC invocations=12 (full 2):
 PSYoungGen      total 117248K, used 105984K [0x00000000eab00000, 0x00000000f4f80000, 0x0000000100000000)
  eden space 105984K, 100% used [0x00000000eab00000,0x00000000f1280000,0x00000000f1280000)
  from space 11264K, 0% used [0x00000000f1280000,0x00000000f1280000,0x00000000f1d80000)
  to   space 11776K, 0% used [0x00000000f4400000,0x00000000f4400000,0x00000000f4f80000)
 ParOldGen       total 87040K, used 16810K [0x00000000c0000000, 0x00000000c5500000, 0x00000000eab00000)
  object space 87040K, 19% used [0x00000000c0000000,0x00000000c106a9a8,0x00000000c5500000)
 Metaspace       used 44325K, capacity 45658K, committed 45824K, reserved 1089536K
  class space    used 6021K, capacity 6318K, committed 6400K, reserved 1048576K
Event: 9.895 GC heap after
Heap after GC invocations=12 (full 2):
 PSYoungGen      total 150528K, used 11750K [0x00000000eab00000, 0x00000000f4f80000, 0x0000000100000000)
  eden space 138752K, 0% used [0x00000000eab00000,0x00000000eab00000,0x00000000f3280000)
  from space 11776K, 99% used [0x00000000f4400000,0x00000000f4f79bc8,0x00000000f4f80000)
  to   space 13824K, 0% used [0x00000000f3480000,0x00000000f3480000,0x00000000f4200000)
 ParOldGen       total 87040K, used 18558K [0x00000000c0000000, 0x00000000c5500000, 0x00000000eab00000)
  object space 87040K, 21% used [0x00000000c0000000,0x00000000c121f900,0x00000000c5500000)
 Metaspace       used 44325K, capacity 45658K, committed 45824K, reserved 1089536K
  class space    used 6021K, capacity 6318K, committed 6400K, reserved 1048576K
}
Event: 12.630 GC heap before
{Heap before GC invocations=13 (full 2):
 PSYoungGen      total 150528K, used 150502K [0x00000000eab00000, 0x00000000f4f80000, 0x0000000100000000)
  eden space 138752K, 100% used [0x00000000eab00000,0x00000000f3280000,0x00000000f3280000)
  from space 11776K, 99% used [0x00000000f4400000,0x00000000f4f79bc8,0x00000000f4f80000)
  to   space 13824K, 0% used [0x00000000f3480000,0x00000000f3480000,0x00000000f4200000)
 ParOldGen       total 87040K, used 18558K [0x00000000c0000000, 0x00000000c5500000, 0x00000000eab00000)
  object space 87040K, 21% used [0x00000000c0000000,0x00000000c121f900,0x00000000c5500000)
 Metaspace       used 52901K, capacity 54664K, committed 54784K, reserved 1095680K
  class space    used 7229K, capacity 7668K, committed 7680K, reserved 1048576K
Event: 12.667 GC heap after
Heap after GC invocations=13 (full 2):
 PSYoungGen      total 154624K, used 13808K [0x00000000eab00000, 0x00000000f7e80000, 0x0000000100000000)
  eden space 140800K, 0% used [0x00000000eab00000,0x00000000eab00000,0x00000000f3480000)
  from space 13824K, 99% used [0x00000000f3480000,0x00000000f41fc018,0x00000000f4200000)
  to   space 18432K, 0% used [0x00000000f6c80000,0x00000000f6c80000,0x00000000f7e80000)
 ParOldGen       total 87040K, used 26834K [0x00000000c0000000, 0x00000000c5500000, 0x00000000eab00000)
  object space 87040K, 30% used [0x00000000c0000000,0x00000000c1a34970,0x00000000c5500000)
 Metaspace       used 52901K, capacity 54664K, committed 54784K, reserved 1095680K
  class space    used 7229K, capacity 7668K, committed 7680K, reserved 1048576K
}
Event: 15.466 GC heap before
{Heap before GC invocations=14 (full 2):
 PSYoungGen      total 154624K, used 80470K [0x00000000eab00000, 0x00000000f7e80000, 0x0000000100000000)
  eden space 140800K, 47% used [0x00000000eab00000,0x00000000eec19aa8,0x00000000f3480000)
  from space 13824K, 99% used [0x00000000f3480000,0x00000000f41fc018,0x00000000f4200000)
  to   space 18432K, 0% used [0x00000000f6c80000,0x00000000f6c80000,0x00000000f7e80000)
 ParOldGen       total 87040K, used 26834K [0x00000000c0000000, 0x00000000c5500000, 0x00000000eab00000)
  object space 87040K, 30% used [0x00000000c0000000,0x00000000c1a34970,0x00000000c5500000)
 Metaspace       used 56930K, capacity 59006K, committed 59096K, reserved 1099776K
  class space    used 7825K, capacity 8267K, committed 8320K, reserved 1048576K
Event: 15.509 GC heap after
Heap after GC invocations=14 (full 2):
 PSYoungGen      total 198144K, used 5389K [0x00000000eab00000, 0x00000000f8000000, 0x0000000100000000)
  eden space 179712K, 0% used [0x00000000eab00000,0x00000000eab00000,0x00000000f5a80000)
  from space 18432K, 29% used [0x00000000f6c80000,0x00000000f71c3418,0x00000000f7e80000)
  to   space 18432K, 0% used [0x00000000f5a80000,0x00000000f5a80000,0x00000000f6c80000)
 ParOldGen       total 87040K, used 35140K [0x00000000c0000000, 0x00000000c5500000, 0x00000000eab00000)
  object space 87040K, 40% used [0x00000000c0000000,0x00000000c2251220,0x00000000c5500000)
 Metaspace       used 56930K, capacity 59006K, committed 59096K, reserved 1099776K
  class space    used 7825K, capacity 8267K, committed 8320K, reserved 1048576K
}
Event: 15.509 GC heap before
{Heap before GC invocations=15 (full 3):
 PSYoungGen      total 198144K, used 5389K [0x00000000eab00000, 0x00000000f8000000, 0x0000000100000000)
  eden space 179712K, 0% used [0x00000000eab00000,0x00000000eab00000,0x00000000f5a80000)
  from space 18432K, 29% used [0x00000000f6c80000,0x00000000f71c3418,0x00000000f7e80000)
  to   space 18432K, 0% used [0x00000000f5a80000,0x00000000f5a80000,0x00000000f6c80000)
 ParOldGen       total 87040K, used 35140K [0x00000000c0000000, 0x00000000c5500000, 0x00000000eab00000)
  object space 87040K, 40% used [0x00000000c0000000,0x00000000c2251220,0x00000000c5500000)
 Metaspace       used 56930K, capacity 59006K, committed 59096K, reserved 1099776K
  class space    used 7825K, capacity 8267K, committed 8320K, reserved 1048576K
Event: 15.968 GC heap after
Heap after GC invocations=15 (full 3):
 PSYoungGen      total 198144K, used 0K [0x00000000eab00000, 0x00000000f8000000, 0x0000000100000000)
  eden space 179712K, 0% used [0x00000000eab00000,0x00000000eab00000,0x00000000f5a80000)
  from space 18432K, 0% used [0x00000000f6c80000,0x00000000f6c80000,0x00000000f7e80000)
  to   space 18432K, 0% used [0x00000000f5a80000,0x00000000f5a80000,0x00000000f6c80000)
 ParOldGen       total 135680K, used 34724K [0x00000000c0000000, 0x00000000c8480000, 0x00000000eab00000)
  object space 135680K, 25% used [0x00000000c0000000,0x00000000c21e93a8,0x00000000c8480000)
 Metaspace       used 56918K, capacity 58964K, committed 59096K, reserved 1099776K
  class space    used 7821K, capacity 8260K, committed 8320K, reserved 1048576K
}

