# JRE version: OpenJDK Runtime Environment (8.0_152-b01) (build 1.8.0_152-release-1343-b01)
# Java VM: OpenJDK 64-Bit Server VM (25.152-b01 mixed mode windows-amd64 compressed oops)
Heap:
 PSYoungGen      total 478208K, used 343925K [0x00000000e0000000, 0x00000000fff00000, 0x0000000100000000)
  eden space 437760K, 76% used [0x00000000e0000000,0x00000000f4526db0,0x00000000fab80000)
  from space 40448K, 27% used [0x00000000fab80000,0x00000000fb636950,0x00000000fd300000)
  to   space 38400K, 0% used [0x00000000fd980000,0x00000000fd980000,0x00000000fff00000)
 ParOldGen       total 310784K, used 226463K [0x00000000a0000000, 0x00000000b2f80000, 0x00000000e0000000)
  object space 310784K, 72% used [0x00000000a0000000,0x00000000add27e70,0x00000000b2f80000)
 Metaspace       used 112564K, capacity 120164K, committed 120320K, reserved 1155072K
  class space    used 13810K, capacity 15039K, committed 15104K, reserved 1048576K
GC Heap History (10 events):
Event: 40072.345 GC heap before
{Heap before GC invocations=70 (full 5):
 PSYoungGen      total 465920K, used 430684K [0x00000000e0000000, 0x00000000ff980000, 0x0000000100000000)
  eden space 420352K, 100% used [0x00000000e0000000,0x00000000f9a80000,0x00000000f9a80000)
  from space 45568K, 22% used [0x00000000fcd00000,0x00000000fd717190,0x00000000ff980000)
  to   space 48640K, 0% used [0x00000000f9a80000,0x00000000f9a80000,0x00000000fca00000)
 ParOldGen       total 310784K, used 217693K [0x00000000a0000000, 0x00000000b2f80000, 0x00000000e0000000)
  object space 310784K, 70% used [0x00000000a0000000,0x00000000ad497620,0x00000000b2f80000)
 Metaspace       used 112012K, capacity 119518K, committed 119808K, reserved 1155072K
  class space    used 13723K, capacity 14954K, committed 15104K, reserved 1048576K
Event: 40073.275 GC heap after
Heap after GC invocations=70 (full 5):
 PSYoungGen      total 468992K, used 18055K [0x00000000e0000000, 0x00000000ffe00000, 0x0000000100000000)
  eden space 420352K, 0% used [0x00000000e0000000,0x00000000e0000000,0x00000000f9a80000)
  from space 48640K, 37% used [0x00000000f9a80000,0x00000000fac21cb0,0x00000000fca00000)
  to   space 46080K, 0% used [0x00000000fd100000,0x00000000fd100000,0x00000000ffe00000)
 ParOldGen       total 310784K, used 217701K [0x00000000a0000000, 0x00000000b2f80000, 0x00000000e0000000)
  object space 310784K, 70% used [0x00000000a0000000,0x00000000ad499620,0x00000000b2f80000)
 Metaspace       used 112012K, capacity 119518K, committed 119808K, reserved 1155072K
  class space    used 13723K, capacity 14954K, committed 15104K, reserved 1048576K
}
Event: 40076.364 GC heap before
{Heap before GC invocations=71 (full 5):
 PSYoungGen      total 468992K, used 438407K [0x00000000e0000000, 0x00000000ffe00000, 0x0000000100000000)
  eden space 420352K, 100% used [0x00000000e0000000,0x00000000f9a80000,0x00000000f9a80000)
  from space 48640K, 37% used [0x00000000f9a80000,0x00000000fac21cb0,0x00000000fca00000)
  to   space 46080K, 0% used [0x00000000fd100000,0x00000000fd100000,0x00000000ffe00000)
 ParOldGen       total 310784K, used 217701K [0x00000000a0000000, 0x00000000b2f80000, 0x00000000e0000000)
  object space 310784K, 70% used [0x00000000a0000000,0x00000000ad499620,0x00000000b2f80000)
 Metaspace       used 112027K, capacity 119532K, committed 119808K, reserved 1155072K
  class space    used 13724K, capacity 14956K, committed 15104K, reserved 1048576K
Event: 40076.562 GC heap after
Heap after GC invocations=71 (full 5):
 PSYoungGen      total 470016K, used 14538K [0x00000000e0000000, 0x00000000ff880000, 0x0000000100000000)
  eden space 429568K, 0% used [0x00000000e0000000,0x00000000e0000000,0x00000000fa380000)
  from space 40448K, 35% used [0x00000000fd100000,0x00000000fdf329e0,0x00000000ff880000)
  to   space 43520K, 0% used [0x00000000fa380000,0x00000000fa380000,0x00000000fce00000)
 ParOldGen       total 310784K, used 217785K [0x00000000a0000000, 0x00000000b2f80000, 0x00000000e0000000)
  object space 310784K, 70% used [0x00000000a0000000,0x00000000ad4ae638,0x00000000b2f80000)
 Metaspace       used 112027K, capacity 119532K, committed 119808K, reserved 1155072K
  class space    used 13724K, capacity 14956K, committed 15104K, reserved 1048576K
}
Event: 40226.872 GC heap before
{Heap before GC invocations=72 (full 5):
 PSYoungGen      total 470016K, used 444106K [0x00000000e0000000, 0x00000000ff880000, 0x0000000100000000)
  eden space 429568K, 100% used [0x00000000e0000000,0x00000000fa380000,0x00000000fa380000)
  from space 40448K, 35% used [0x00000000fd100000,0x00000000fdf329e0,0x00000000ff880000)
  to   space 43520K, 0% used [0x00000000fa380000,0x00000000fa380000,0x00000000fce00000)
 ParOldGen       total 310784K, used 217785K [0x00000000a0000000, 0x00000000b2f80000, 0x00000000e0000000)
  object space 310784K, 70% used [0x00000000a0000000,0x00000000ad4ae638,0x00000000b2f80000)
 Metaspace       used 112520K, capacity 120086K, committed 120320K, reserved 1155072K
  class space    used 13809K, capacity 15037K, committed 15104K, reserved 1048576K
Event: 40226.889 GC heap after
Heap after GC invocations=72 (full 5):
 PSYoungGen      total 473088K, used 4886K [0x00000000e0000000, 0x0000000100000000, 0x0000000100000000)
  eden space 429568K, 0% used [0x00000000e0000000,0x00000000e0000000,0x00000000fa380000)
  from space 43520K, 11% used [0x00000000fa380000,0x00000000fa8458f0,0x00000000fce00000)
  to   space 43008K, 0% used [0x00000000fd600000,0x00000000fd600000,0x0000000100000000)
 ParOldGen       total 310784K, used 218857K [0x00000000a0000000, 0x00000000b2f80000, 0x00000000e0000000)
  object space 310784K, 70% used [0x00000000a0000000,0x00000000ad5ba570,0x00000000b2f80000)
 Metaspace       used 112520K, capacity 120086K, committed 120320K, reserved 1155072K
  class space    used 13809K, capacity 15037K, committed 15104K, reserved 1048576K
}
Event: 40236.355 GC heap before
{Heap before GC invocations=73 (full 5):
 PSYoungGen      total 473088K, used 434454K [0x00000000e0000000, 0x0000000100000000, 0x0000000100000000)
  eden space 429568K, 100% used [0x00000000e0000000,0x00000000fa380000,0x00000000fa380000)
  from space 43520K, 11% used [0x00000000fa380000,0x00000000fa8458f0,0x00000000fce00000)
  to   space 43008K, 0% used [0x00000000fd600000,0x00000000fd600000,0x0000000100000000)
 ParOldGen       total 310784K, used 218857K [0x00000000a0000000, 0x00000000b2f80000, 0x00000000e0000000)
  object space 310784K, 70% used [0x00000000a0000000,0x00000000ad5ba570,0x00000000b2f80000)
 Metaspace       used 112541K, capacity 120150K, committed 120320K, reserved 1155072K
  class space    used 13809K, capacity 15037K, committed 15104K, reserved 1048576K
Event: 40236.448 GC heap after
Heap after GC invocations=73 (full 5):
 PSYoungGen      total 475136K, used 13107K [0x00000000e0000000, 0x00000000ffa80000, 0x0000000100000000)
  eden space 437760K, 0% used [0x00000000e0000000,0x00000000e0000000,0x00000000fab80000)
  from space 37376K, 35% used [0x00000000fd600000,0x00000000fe2cce80,0x00000000ffa80000)
  to   space 40448K, 0% used [0x00000000fab80000,0x00000000fab80000,0x00000000fd300000)
 ParOldGen       total 310784K, used 222558K [0x00000000a0000000, 0x00000000b2f80000, 0x00000000e0000000)
  object space 310784K, 71% used [0x00000000a0000000,0x00000000ad957bc8,0x00000000b2f80000)
 Metaspace       used 112541K, capacity 120150K, committed 120320K, reserved 1155072K
  class space    used 13809K, capacity 15037K, committed 15104K, reserved 1048576K
}
Event: 40238.586 GC heap before
{Heap before GC invocations=74 (full 5):
 PSYoungGen      total 475136K, used 450867K [0x00000000e0000000, 0x00000000ffa80000, 0x0000000100000000)
  eden space 437760K, 100% used [0x00000000e0000000,0x00000000fab80000,0x00000000fab80000)
  from space 37376K, 35% used [0x00000000fd600000,0x00000000fe2cce80,0x00000000ffa80000)
  to   space 40448K, 0% used [0x00000000fab80000,0x00000000fab80000,0x00000000fd300000)
 ParOldGen       total 310784K, used 222558K [0x00000000a0000000, 0x00000000b2f80000, 0x00000000e0000000)
  object space 310784K, 71% used [0x00000000a0000000,0x00000000ad957bc8,0x00000000b2f80000)
 Metaspace       used 112553K, capacity 120164K, committed 120320K, reserved 1155072K
  class space    used 13810K, capacity 15039K, committed 15104K, reserved 1048576K
Event: 40239.219 GC heap after
Heap after GC invocations=74 (full 5):
 PSYoungGen      total 478208K, used 10970K [0x00000000e0000000, 0x00000000fff00000, 0x0000000100000000)
  eden space 437760K, 0% used [0x00000000e0000000,0x00000000e0000000,0x00000000fab80000)
  from space 40448K, 27% used [0x00000000fab80000,0x00000000fb636950,0x00000000fd300000)
  to   space 38400K, 0% used [0x00000000fd980000,0x00000000fd980000,0x00000000fff00000)
 ParOldGen       total 310784K, used 226463K [0x00000000a0000000, 0x00000000b2f80000, 0x00000000e0000000)
  object space 310784K, 72% used [0x00000000a0000000,0x00000000add27e70,0x00000000b2f80000)
 Metaspace       used 112553K, capacity 120164K, committed 120320K, reserved 1155072K
  class space    used 13810K, capacity 15039K, committed 15104K, reserved 1048576K
}

