# JRE version: OpenJDK Runtime Environment (8.0_202-b03) (build 1.8.0_202-release-1483-b03)
# Java VM: OpenJDK 64-Bit Server VM (25.202-b03 mixed mode windows-amd64 compressed oops)
Heap:
 PSYoungGen      total 115712K, used 17718K [0x00000000e0000000, 0x00000000e7d00000, 0x0000000100000000)
  eden space 105472K, 7% used [0x00000000e0000000,0x00000000e07bcb00,0x00000000e6700000)
  from space 10240K, 95% used [0x00000000e7280000,0x00000000e7c10ed0,0x00000000e7c80000)
  to   space 11264K, 0% used [0x00000000e6700000,0x00000000e6700000,0x00000000e7200000)
 ParOldGen       total 60928K, used 10545K [0x00000000a0000000, 0x00000000a3b80000, 0x00000000e0000000)
  object space 60928K, 17% used [0x00000000a0000000,0x00000000a0a4c7d8,0x00000000a3b80000)
 Metaspace       used 32870K, capacity 33756K, committed 34048K, reserved 1079296K
  class space    used 4535K, capacity 4739K, committed 4864K, reserved 1048576K
GC Heap History (10 events):
Event: 4.171 GC heap before
{Heap before GC invocations=5 (full 0):
 PSYoungGen      total 38400K, used 38368K [0x00000000e0000000, 0x00000000e4b00000, 0x0000000100000000)
  eden space 33280K, 100% used [0x00000000e0000000,0x00000000e2080000,0x00000000e2080000)
  from space 5120K, 99% used [0x00000000e2580000,0x00000000e2a78040,0x00000000e2a80000)
  to   space 5120K, 0% used [0x00000000e2080000,0x00000000e2080000,0x00000000e2580000)
 ParOldGen       total 87552K, used 5053K [0x00000000a0000000, 0x00000000a5580000, 0x00000000e0000000)
  object space 87552K, 5% used [0x00000000a0000000,0x00000000a04ef7f8,0x00000000a5580000)
 Metaspace       used 19096K, capacity 19624K, committed 19968K, reserved 1067008K
  class space    used 2780K, capacity 2958K, committed 3072K, reserved 1048576K
Event: 4.184 GC heap after
Heap after GC invocations=5 (full 0):
 PSYoungGen      total 38400K, used 5088K [0x00000000e0000000, 0x00000000e5600000, 0x0000000100000000)
  eden space 33280K, 0% used [0x00000000e0000000,0x00000000e0000000,0x00000000e2080000)
  from space 5120K, 99% used [0x00000000e2080000,0x00000000e2578050,0x00000000e2580000)
  to   space 10752K, 0% used [0x00000000e4b80000,0x00000000e4b80000,0x00000000e5600000)
 ParOldGen       total 87552K, used 8738K [0x00000000a0000000, 0x00000000a5580000, 0x00000000e0000000)
  object space 87552K, 9% used [0x00000000a0000000,0x00000000a0888a50,0x00000000a5580000)
 Metaspace       used 19096K, capacity 19624K, committed 19968K, reserved 1067008K
  class space    used 2780K, capacity 2958K, committed 3072K, reserved 1048576K
}
Event: 4.461 GC heap before
{Heap before GC invocations=6 (full 0):
 PSYoungGen      total 38400K, used 16379K [0x00000000e0000000, 0x00000000e5600000, 0x0000000100000000)
  eden space 33280K, 33% used [0x00000000e0000000,0x00000000e0b06ce8,0x00000000e2080000)
  from space 5120K, 99% used [0x00000000e2080000,0x00000000e2578050,0x00000000e2580000)
  to   space 10752K, 0% used [0x00000000e4b80000,0x00000000e4b80000,0x00000000e5600000)
 ParOldGen       total 87552K, used 8738K [0x00000000a0000000, 0x00000000a5580000, 0x00000000e0000000)
  object space 87552K, 9% used [0x00000000a0000000,0x00000000a0888a50,0x00000000a5580000)
 Metaspace       used 20652K, capacity 21142K, committed 21296K, reserved 1067008K
  class space    used 2951K, capacity 3122K, committed 3200K, reserved 1048576K
Event: 4.474 GC heap after
Heap after GC invocations=6 (full 0):
 PSYoungGen      total 76288K, used 6851K [0x00000000e0000000, 0x00000000e5500000, 0x0000000100000000)
  eden space 66560K, 0% used [0x00000000e0000000,0x00000000e0000000,0x00000000e4100000)
  from space 9728K, 70% used [0x00000000e4b80000,0x00000000e5230ec8,0x00000000e5500000)
  to   space 10240K, 0% used [0x00000000e4100000,0x00000000e4100000,0x00000000e4b00000)
 ParOldGen       total 87552K, used 8746K [0x00000000a0000000, 0x00000000a5580000, 0x00000000e0000000)
  object space 87552K, 9% used [0x00000000a0000000,0x00000000a088aa50,0x00000000a5580000)
 Metaspace       used 20652K, capacity 21142K, committed 21296K, reserved 1067008K
  class space    used 2951K, capacity 3122K, committed 3200K, reserved 1048576K
}
Event: 4.474 GC heap before
{Heap before GC invocations=7 (full 1):
 PSYoungGen      total 76288K, used 6851K [0x00000000e0000000, 0x00000000e5500000, 0x0000000100000000)
  eden space 66560K, 0% used [0x00000000e0000000,0x00000000e0000000,0x00000000e4100000)
  from space 9728K, 70% used [0x00000000e4b80000,0x00000000e5230ec8,0x00000000e5500000)
  to   space 10240K, 0% used [0x00000000e4100000,0x00000000e4100000,0x00000000e4b00000)
 ParOldGen       total 87552K, used 8746K [0x00000000a0000000, 0x00000000a5580000, 0x00000000e0000000)
  object space 87552K, 9% used [0x00000000a0000000,0x00000000a088aa50,0x00000000a5580000)
 Metaspace       used 20652K, capacity 21142K, committed 21296K, reserved 1067008K
  class space    used 2951K, capacity 3122K, committed 3200K, reserved 1048576K
Event: 4.533 GC heap after
Heap after GC invocations=7 (full 1):
 PSYoungGen      total 76288K, used 0K [0x00000000e0000000, 0x00000000e5500000, 0x0000000100000000)
  eden space 66560K, 0% used [0x00000000e0000000,0x00000000e0000000,0x00000000e4100000)
  from space 9728K, 0% used [0x00000000e4b80000,0x00000000e4b80000,0x00000000e5500000)
  to   space 10240K, 0% used [0x00000000e4100000,0x00000000e4100000,0x00000000e4b00000)
 ParOldGen       total 60928K, used 10529K [0x00000000a0000000, 0x00000000a3b80000, 0x00000000e0000000)
  object space 60928K, 17% used [0x00000000a0000000,0x00000000a0a487d8,0x00000000a3b80000)
 Metaspace       used 20652K, capacity 21142K, committed 21296K, reserved 1067008K
  class space    used 2951K, capacity 3122K, committed 3200K, reserved 1048576K
}
Event: 5.805 GC heap before
{Heap before GC invocations=8 (full 1):
 PSYoungGen      total 76288K, used 66560K [0x00000000e0000000, 0x00000000e5500000, 0x0000000100000000)
  eden space 66560K, 100% used [0x00000000e0000000,0x00000000e4100000,0x00000000e4100000)
  from space 9728K, 0% used [0x00000000e4b80000,0x00000000e4b80000,0x00000000e5500000)
  to   space 10240K, 0% used [0x00000000e4100000,0x00000000e4100000,0x00000000e4b00000)
 ParOldGen       total 60928K, used 10529K [0x00000000a0000000, 0x00000000a3b80000, 0x00000000e0000000)
  object space 60928K, 17% used [0x00000000a0000000,0x00000000a0a487d8,0x00000000a3b80000)
 Metaspace       used 28232K, capacity 28798K, committed 28928K, reserved 1075200K
  class space    used 3897K, capacity 4092K, committed 4096K, reserved 1048576K
Event: 5.814 GC heap after
Heap after GC invocations=8 (full 1):
 PSYoungGen      total 76800K, used 7634K [0x00000000e0000000, 0x00000000e7c80000, 0x0000000100000000)
  eden space 66560K, 0% used [0x00000000e0000000,0x00000000e0000000,0x00000000e4100000)
  from space 10240K, 74% used [0x00000000e4100000,0x00000000e4874aa0,0x00000000e4b00000)
  to   space 10240K, 0% used [0x00000000e7280000,0x00000000e7280000,0x00000000e7c80000)
 ParOldGen       total 60928K, used 10537K [0x00000000a0000000, 0x00000000a3b80000, 0x00000000e0000000)
  object space 60928K, 17% used [0x00000000a0000000,0x00000000a0a4a7d8,0x00000000a3b80000)
 Metaspace       used 28232K, capacity 28798K, committed 28928K, reserved 1075200K
  class space    used 3897K, capacity 4092K, committed 4096K, reserved 1048576K
}
Event: 7.439 GC heap before
{Heap before GC invocations=9 (full 1):
 PSYoungGen      total 76800K, used 74194K [0x00000000e0000000, 0x00000000e7c80000, 0x0000000100000000)
  eden space 66560K, 100% used [0x00000000e0000000,0x00000000e4100000,0x00000000e4100000)
  from space 10240K, 74% used [0x00000000e4100000,0x00000000e4874aa0,0x00000000e4b00000)
  to   space 10240K, 0% used [0x00000000e7280000,0x00000000e7280000,0x00000000e7c80000)
 ParOldGen       total 60928K, used 10537K [0x00000000a0000000, 0x00000000a3b80000, 0x00000000e0000000)
  object space 60928K, 17% used [0x00000000a0000000,0x00000000a0a4a7d8,0x00000000a3b80000)
 Metaspace       used 32540K, capacity 33298K, committed 33408K, reserved 1077248K
  class space    used 4477K, capacity 4697K, committed 4736K, reserved 1048576K
Event: 7.461 GC heap after
Heap after GC invocations=9 (full 1):
 PSYoungGen      total 115712K, used 9795K [0x00000000e0000000, 0x00000000e7d00000, 0x0000000100000000)
  eden space 105472K, 0% used [0x00000000e0000000,0x00000000e0000000,0x00000000e6700000)
  from space 10240K, 95% used [0x00000000e7280000,0x00000000e7c10ed0,0x00000000e7c80000)
  to   space 11264K, 0% used [0x00000000e6700000,0x00000000e6700000,0x00000000e7200000)
 ParOldGen       total 60928K, used 10545K [0x00000000a0000000, 0x00000000a3b80000, 0x00000000e0000000)
  object space 60928K, 17% used [0x00000000a0000000,0x00000000a0a4c7d8,0x00000000a3b80000)
 Metaspace       used 32540K, capacity 33298K, committed 33408K, reserved 1077248K
  class space    used 4477K, capacity 4697K, committed 4736K, reserved 1048576K
}

