# JRE version: OpenJDK Runtime Environment (8.0_152-b01) (build 1.8.0_152-release-1343-b01)
# Java VM: OpenJDK 64-Bit Server VM (25.152-b01 mixed mode windows-amd64 compressed oops)
Heap:
 PSYoungGen      total 498688K, used 215876K [0x00000000e0000000, 0x00000000fff00000, 0x0000000100000000)
  eden space 475648K, 44% used [0x00000000e0000000,0x00000000eceb63d0,0x00000000fd080000)
  from space 23040K, 18% used [0x00000000fd080000,0x00000000fd49afc0,0x00000000fe700000)
  to   space 22016K, 0% used [0x00000000fe980000,0x00000000fe980000,0x00000000fff00000)
 ParOldGen       total 122368K, used 89431K [0x00000000a0000000, 0x00000000a7780000, 0x00000000e0000000)
  object space 122368K, 73% used [0x00000000a0000000,0x00000000a5755cb8,0x00000000a7780000)
 Metaspace       used 85102K, capacity 88428K, committed 88600K, reserved 1126400K
  class space    used 10882K, capacity 11553K, committed 11560K, reserved 1048576K
GC Heap History (10 events):
Event: 217.613 GC heap before
{Heap before GC invocations=36 (full 3):
 PSYoungGen      total 494592K, used 477137K [0x00000000e0000000, 0x00000000ffd80000, 0x0000000100000000)
  eden space 470528K, 100% used [0x00000000e0000000,0x00000000fcb80000,0x00000000fcb80000)
  from space 24064K, 27% used [0x00000000fe600000,0x00000000fec74438,0x00000000ffd80000)
  to   space 25600K, 0% used [0x00000000fcb80000,0x00000000fcb80000,0x00000000fe480000)
 ParOldGen       total 122368K, used 89237K [0x00000000a0000000, 0x00000000a7780000, 0x00000000e0000000)
  object space 122368K, 72% used [0x00000000a0000000,0x00000000a57254d8,0x00000000a7780000)
 Metaspace       used 84914K, capacity 88236K, committed 88344K, reserved 1126400K
  class space    used 10879K, capacity 11553K, committed 11560K, reserved 1048576K
Event: 217.628 GC heap after
Heap after GC invocations=36 (full 3):
 PSYoungGen      total 496128K, used 4307K [0x00000000e0000000, 0x00000000fff80000, 0x0000000100000000)
  eden space 470528K, 0% used [0x00000000e0000000,0x00000000e0000000,0x00000000fcb80000)
  from space 25600K, 16% used [0x00000000fcb80000,0x00000000fcfb4dc8,0x00000000fe480000)
  to   space 24576K, 0% used [0x00000000fe780000,0x00000000fe780000,0x00000000fff80000)
 ParOldGen       total 122368K, used 89253K [0x00000000a0000000, 0x00000000a7780000, 0x00000000e0000000)
  object space 122368K, 72% used [0x00000000a0000000,0x00000000a57294d8,0x00000000a7780000)
 Metaspace       used 84914K, capacity 88236K, committed 88344K, reserved 1126400K
  class space    used 10879K, capacity 11553K, committed 11560K, reserved 1048576K
}
Event: 220.545 GC heap before
{Heap before GC invocations=37 (full 3):
 PSYoungGen      total 496128K, used 474835K [0x00000000e0000000, 0x00000000fff80000, 0x0000000100000000)
  eden space 470528K, 100% used [0x00000000e0000000,0x00000000fcb80000,0x00000000fcb80000)
  from space 25600K, 16% used [0x00000000fcb80000,0x00000000fcfb4dc8,0x00000000fe480000)
  to   space 24576K, 0% used [0x00000000fe780000,0x00000000fe780000,0x00000000fff80000)
 ParOldGen       total 122368K, used 89253K [0x00000000a0000000, 0x00000000a7780000, 0x00000000e0000000)
  object space 122368K, 72% used [0x00000000a0000000,0x00000000a57294d8,0x00000000a7780000)
 Metaspace       used 84971K, capacity 88300K, committed 88344K, reserved 1126400K
  class space    used 10879K, capacity 11553K, committed 11560K, reserved 1048576K
Event: 220.551 GC heap after
Heap after GC invocations=37 (full 3):
 PSYoungGen      total 498176K, used 1056K [0x00000000e0000000, 0x00000000fff00000, 0x0000000100000000)
  eden space 474112K, 0% used [0x00000000e0000000,0x00000000e0000000,0x00000000fcf00000)
  from space 24064K, 4% used [0x00000000fe780000,0x00000000fe888010,0x00000000fff00000)
  to   space 24576K, 0% used [0x00000000fcf00000,0x00000000fcf00000,0x00000000fe700000)
 ParOldGen       total 122368K, used 89269K [0x00000000a0000000, 0x00000000a7780000, 0x00000000e0000000)
  object space 122368K, 72% used [0x00000000a0000000,0x00000000a572d4d8,0x00000000a7780000)
 Metaspace       used 84971K, capacity 88300K, committed 88344K, reserved 1126400K
  class space    used 10879K, capacity 11553K, committed 11560K, reserved 1048576K
}
Event: 223.737 GC heap before
{Heap before GC invocations=38 (full 3):
 PSYoungGen      total 498176K, used 475168K [0x00000000e0000000, 0x00000000fff00000, 0x0000000100000000)
  eden space 474112K, 100% used [0x00000000e0000000,0x00000000fcf00000,0x00000000fcf00000)
  from space 24064K, 4% used [0x00000000fe780000,0x00000000fe888010,0x00000000fff00000)
  to   space 24576K, 0% used [0x00000000fcf00000,0x00000000fcf00000,0x00000000fe700000)
 ParOldGen       total 122368K, used 89269K [0x00000000a0000000, 0x00000000a7780000, 0x00000000e0000000)
  object space 122368K, 72% used [0x00000000a0000000,0x00000000a572d4d8,0x00000000a7780000)
 Metaspace       used 85000K, capacity 88300K, committed 88344K, reserved 1126400K
  class space    used 10881K, capacity 11553K, committed 11560K, reserved 1048576K
Event: 223.757 GC heap after
Heap after GC invocations=38 (full 3):
 PSYoungGen      total 498688K, used 2148K [0x00000000e0000000, 0x00000000fff80000, 0x0000000100000000)
  eden space 474112K, 0% used [0x00000000e0000000,0x00000000e0000000,0x00000000fcf00000)
  from space 24576K, 8% used [0x00000000fcf00000,0x00000000fd1191c0,0x00000000fe700000)
  to   space 24064K, 0% used [0x00000000fe800000,0x00000000fe800000,0x00000000fff80000)
 ParOldGen       total 122368K, used 89285K [0x00000000a0000000, 0x00000000a7780000, 0x00000000e0000000)
  object space 122368K, 72% used [0x00000000a0000000,0x00000000a57314d8,0x00000000a7780000)
 Metaspace       used 85000K, capacity 88300K, committed 88344K, reserved 1126400K
  class space    used 10881K, capacity 11553K, committed 11560K, reserved 1048576K
}
Event: 227.298 GC heap before
{Heap before GC invocations=39 (full 3):
 PSYoungGen      total 498688K, used 476260K [0x00000000e0000000, 0x00000000fff80000, 0x0000000100000000)
  eden space 474112K, 100% used [0x00000000e0000000,0x00000000fcf00000,0x00000000fcf00000)
  from space 24576K, 8% used [0x00000000fcf00000,0x00000000fd1191c0,0x00000000fe700000)
  to   space 24064K, 0% used [0x00000000fe800000,0x00000000fe800000,0x00000000fff80000)
 ParOldGen       total 122368K, used 89285K [0x00000000a0000000, 0x00000000a7780000, 0x00000000e0000000)
  object space 122368K, 72% used [0x00000000a0000000,0x00000000a57314d8,0x00000000a7780000)
 Metaspace       used 85066K, capacity 88364K, committed 88600K, reserved 1126400K
  class space    used 10881K, capacity 11553K, committed 11560K, reserved 1048576K
Event: 227.309 GC heap after
Heap after GC invocations=39 (full 3):
 PSYoungGen      total 497664K, used 3269K [0x00000000e0000000, 0x00000000ffd80000, 0x0000000100000000)
  eden space 475648K, 0% used [0x00000000e0000000,0x00000000e0000000,0x00000000fd080000)
  from space 22016K, 14% used [0x00000000fe800000,0x00000000feb317b0,0x00000000ffd80000)
  to   space 23040K, 0% used [0x00000000fd080000,0x00000000fd080000,0x00000000fe700000)
 ParOldGen       total 122368K, used 89423K [0x00000000a0000000, 0x00000000a7780000, 0x00000000e0000000)
  object space 122368K, 73% used [0x00000000a0000000,0x00000000a5753cb8,0x00000000a7780000)
 Metaspace       used 85066K, capacity 88364K, committed 88600K, reserved 1126400K
  class space    used 10881K, capacity 11553K, committed 11560K, reserved 1048576K
}
Event: 230.397 GC heap before
{Heap before GC invocations=40 (full 3):
 PSYoungGen      total 497664K, used 478917K [0x00000000e0000000, 0x00000000ffd80000, 0x0000000100000000)
  eden space 475648K, 100% used [0x00000000e0000000,0x00000000fd080000,0x00000000fd080000)
  from space 22016K, 14% used [0x00000000fe800000,0x00000000feb317b0,0x00000000ffd80000)
  to   space 23040K, 0% used [0x00000000fd080000,0x00000000fd080000,0x00000000fe700000)
 ParOldGen       total 122368K, used 89423K [0x00000000a0000000, 0x00000000a7780000, 0x00000000e0000000)
  object space 122368K, 73% used [0x00000000a0000000,0x00000000a5753cb8,0x00000000a7780000)
 Metaspace       used 85089K, capacity 88428K, committed 88600K, reserved 1126400K
  class space    used 10881K, capacity 11553K, committed 11560K, reserved 1048576K
Event: 230.426 GC heap after
Heap after GC invocations=40 (full 3):
 PSYoungGen      total 498688K, used 4203K [0x00000000e0000000, 0x00000000fff00000, 0x0000000100000000)
  eden space 475648K, 0% used [0x00000000e0000000,0x00000000e0000000,0x00000000fd080000)
  from space 23040K, 18% used [0x00000000fd080000,0x00000000fd49afc0,0x00000000fe700000)
  to   space 22016K, 0% used [0x00000000fe980000,0x00000000fe980000,0x00000000fff00000)
 ParOldGen       total 122368K, used 89431K [0x00000000a0000000, 0x00000000a7780000, 0x00000000e0000000)
  object space 122368K, 73% used [0x00000000a0000000,0x00000000a5755cb8,0x00000000a7780000)
 Metaspace       used 85089K, capacity 88428K, committed 88600K, reserved 1126400K
  class space    used 10881K, capacity 11553K, committed 11560K, reserved 1048576K
}

