# JRE version: OpenJDK Runtime Environment (8.0_202-b03) (build 1.8.0_202-release-1483-b03)
# Java VM: OpenJDK 64-Bit Server VM (25.202-b03 mixed mode windows-amd64 compressed oops)
Heap:
 PSYoungGen      total 102912K, used 29218K [0x00000000e0000000, 0x00000000e7400000, 0x0000000100000000)
  eden space 91648K, 19% used [0x00000000e0000000,0x00000000e118d548,0x00000000e5980000)
  from space 11264K, 99% used [0x00000000e6600000,0x00000000e70fb5c0,0x00000000e7100000)
  to   space 12800K, 0% used [0x00000000e5980000,0x00000000e5980000,0x00000000e6600000)
 ParOldGen       total 93184K, used 18752K [0x00000000a0000000, 0x00000000a5b00000, 0x00000000e0000000)
  object space 93184K, 20% used [0x00000000a0000000,0x00000000a12503d8,0x00000000a5b00000)
 Metaspace       used 48418K, capacity 50008K, committed 50304K, reserved 1093632K
  class space    used 6548K, capacity 6970K, committed 7040K, reserved 1048576K
GC Heap History (10 events):
Event: 8.272 GC heap before
{Heap before GC invocations=10 (full 1):
 PSYoungGen      total 63488K, used 59843K [0x00000000e0000000, 0x00000000e4800000, 0x0000000100000000)
  eden space 54272K, 100% used [0x00000000e0000000,0x00000000e3500000,0x00000000e3500000)
  from space 9216K, 60% used [0x00000000e3f00000,0x00000000e4470c90,0x00000000e4800000)
  to   space 9728K, 0% used [0x00000000e3500000,0x00000000e3500000,0x00000000e3e80000)
 ParOldGen       total 57856K, used 8176K [0x00000000a0000000, 0x00000000a3880000, 0x00000000e0000000)
  object space 57856K, 14% used [0x00000000a0000000,0x00000000a07fc228,0x00000000a3880000)
 Metaspace       used 31458K, capacity 32050K, committed 32384K, reserved 1077248K
  class space    used 4408K, capacity 4624K, committed 4736K, reserved 1048576K
Event: 8.293 GC heap after
Heap after GC invocations=10 (full 1):
 PSYoungGen      total 64000K, used 8829K [0x00000000e0000000, 0x00000000e5e00000, 0x0000000100000000)
  eden space 54272K, 0% used [0x00000000e0000000,0x00000000e0000000,0x00000000e3500000)
  from space 9728K, 90% used [0x00000000e3500000,0x00000000e3d9f678,0x00000000e3e80000)
  to   space 10752K, 0% used [0x00000000e5380000,0x00000000e5380000,0x00000000e5e00000)
 ParOldGen       total 57856K, used 8184K [0x00000000a0000000, 0x00000000a3880000, 0x00000000e0000000)
  object space 57856K, 14% used [0x00000000a0000000,0x00000000a07fe228,0x00000000a3880000)
 Metaspace       used 31458K, capacity 32050K, committed 32384K, reserved 1077248K
  class space    used 4408K, capacity 4624K, committed 4736K, reserved 1048576K
}
Event: 9.537 GC heap before
{Heap before GC invocations=11 (full 1):
 PSYoungGen      total 64000K, used 61042K [0x00000000e0000000, 0x00000000e5e00000, 0x0000000100000000)
  eden space 54272K, 96% used [0x00000000e0000000,0x00000000e32fd370,0x00000000e3500000)
  from space 9728K, 90% used [0x00000000e3500000,0x00000000e3d9f678,0x00000000e3e80000)
  to   space 10752K, 0% used [0x00000000e5380000,0x00000000e5380000,0x00000000e5e00000)
 ParOldGen       total 57856K, used 8184K [0x00000000a0000000, 0x00000000a3880000, 0x00000000e0000000)
  object space 57856K, 14% used [0x00000000a0000000,0x00000000a07fe228,0x00000000a3880000)
 Metaspace       used 34530K, capacity 35428K, committed 35496K, reserved 1079296K
  class space    used 4773K, capacity 4960K, committed 4992K, reserved 1048576K
Event: 9.567 GC heap after
Heap after GC invocations=11 (full 1):
 PSYoungGen      total 85504K, used 7651K [0x00000000e0000000, 0x00000000e5e80000, 0x0000000100000000)
  eden space 74752K, 0% used [0x00000000e0000000,0x00000000e0000000,0x00000000e4900000)
  from space 10752K, 71% used [0x00000000e5380000,0x00000000e5af8d28,0x00000000e5e00000)
  to   space 10752K, 0% used [0x00000000e4900000,0x00000000e4900000,0x00000000e5380000)
 ParOldGen       total 57856K, used 11166K [0x00000000a0000000, 0x00000000a3880000, 0x00000000e0000000)
  object space 57856K, 19% used [0x00000000a0000000,0x00000000a0ae7978,0x00000000a3880000)
 Metaspace       used 34530K, capacity 35428K, committed 35496K, reserved 1079296K
  class space    used 4773K, capacity 4960K, committed 4992K, reserved 1048576K
}
Event: 9.567 GC heap before
{Heap before GC invocations=12 (full 2):
 PSYoungGen      total 85504K, used 7651K [0x00000000e0000000, 0x00000000e5e80000, 0x0000000100000000)
  eden space 74752K, 0% used [0x00000000e0000000,0x00000000e0000000,0x00000000e4900000)
  from space 10752K, 71% used [0x00000000e5380000,0x00000000e5af8d28,0x00000000e5e00000)
  to   space 10752K, 0% used [0x00000000e4900000,0x00000000e4900000,0x00000000e5380000)
 ParOldGen       total 57856K, used 11166K [0x00000000a0000000, 0x00000000a3880000, 0x00000000e0000000)
  object space 57856K, 19% used [0x00000000a0000000,0x00000000a0ae7978,0x00000000a3880000)
 Metaspace       used 34530K, capacity 35428K, committed 35496K, reserved 1079296K
  class space    used 4773K, capacity 4960K, committed 4992K, reserved 1048576K
Event: 9.721 GC heap after
Heap after GC invocations=12 (full 2):
 PSYoungGen      total 85504K, used 0K [0x00000000e0000000, 0x00000000e5e80000, 0x0000000100000000)
  eden space 74752K, 0% used [0x00000000e0000000,0x00000000e0000000,0x00000000e4900000)
  from space 10752K, 0% used [0x00000000e5380000,0x00000000e5380000,0x00000000e5e00000)
  to   space 10752K, 0% used [0x00000000e4900000,0x00000000e4900000,0x00000000e5380000)
 ParOldGen       total 93184K, used 17599K [0x00000000a0000000, 0x00000000a5b00000, 0x00000000e0000000)
  object space 93184K, 18% used [0x00000000a0000000,0x00000000a112fcf8,0x00000000a5b00000)
 Metaspace       used 34530K, capacity 35428K, committed 35496K, reserved 1079296K
  class space    used 4773K, capacity 4960K, committed 4992K, reserved 1048576K
}
Event: 11.408 GC heap before
{Heap before GC invocations=13 (full 2):
 PSYoungGen      total 85504K, used 74752K [0x00000000e0000000, 0x00000000e5e80000, 0x0000000100000000)
  eden space 74752K, 100% used [0x00000000e0000000,0x00000000e4900000,0x00000000e4900000)
  from space 10752K, 0% used [0x00000000e5380000,0x00000000e5380000,0x00000000e5e00000)
  to   space 10752K, 0% used [0x00000000e4900000,0x00000000e4900000,0x00000000e5380000)
 ParOldGen       total 93184K, used 17599K [0x00000000a0000000, 0x00000000a5b00000, 0x00000000e0000000)
  object space 93184K, 18% used [0x00000000a0000000,0x00000000a112fcf8,0x00000000a5b00000)
 Metaspace       used 42039K, capacity 43294K, committed 43520K, reserved 1087488K
  class space    used 5730K, capacity 6024K, committed 6144K, reserved 1048576K
Event: 11.423 GC heap after
Heap after GC invocations=13 (full 2):
 PSYoungGen      total 85504K, used 9002K [0x00000000e0000000, 0x00000000e7100000, 0x0000000100000000)
  eden space 74752K, 0% used [0x00000000e0000000,0x00000000e0000000,0x00000000e4900000)
  from space 10752K, 83% used [0x00000000e4900000,0x00000000e51cab40,0x00000000e5380000)
  to   space 11264K, 0% used [0x00000000e6600000,0x00000000e6600000,0x00000000e7100000)
 ParOldGen       total 93184K, used 17607K [0x00000000a0000000, 0x00000000a5b00000, 0x00000000e0000000)
  object space 93184K, 18% used [0x00000000a0000000,0x00000000a1131cf8,0x00000000a5b00000)
 Metaspace       used 42039K, capacity 43294K, committed 43520K, reserved 1087488K
  class space    used 5730K, capacity 6024K, committed 6144K, reserved 1048576K
}
Event: 12.625 GC heap before
{Heap before GC invocations=14 (full 2):
 PSYoungGen      total 85504K, used 83754K [0x00000000e0000000, 0x00000000e7100000, 0x0000000100000000)
  eden space 74752K, 100% used [0x00000000e0000000,0x00000000e4900000,0x00000000e4900000)
  from space 10752K, 83% used [0x00000000e4900000,0x00000000e51cab40,0x00000000e5380000)
  to   space 11264K, 0% used [0x00000000e6600000,0x00000000e6600000,0x00000000e7100000)
 ParOldGen       total 93184K, used 17607K [0x00000000a0000000, 0x00000000a5b00000, 0x00000000e0000000)
  object space 93184K, 18% used [0x00000000a0000000,0x00000000a1131cf8,0x00000000a5b00000)
 Metaspace       used 46000K, capacity 47364K, committed 47616K, reserved 1089536K
  class space    used 6227K, capacity 6580K, committed 6656K, reserved 1048576K
Event: 12.648 GC heap after
Heap after GC invocations=14 (full 2):
 PSYoungGen      total 102912K, used 11245K [0x00000000e0000000, 0x00000000e7400000, 0x0000000100000000)
  eden space 91648K, 0% used [0x00000000e0000000,0x00000000e0000000,0x00000000e5980000)
  from space 11264K, 99% used [0x00000000e6600000,0x00000000e70fb5c0,0x00000000e7100000)
  to   space 12800K, 0% used [0x00000000e5980000,0x00000000e5980000,0x00000000e6600000)
 ParOldGen       total 93184K, used 18752K [0x00000000a0000000, 0x00000000a5b00000, 0x00000000e0000000)
  object space 93184K, 20% used [0x00000000a0000000,0x00000000a12503d8,0x00000000a5b00000)
 Metaspace       used 46000K, capacity 47364K, committed 47616K, reserved 1089536K
  class space    used 6227K, capacity 6580K, committed 6656K, reserved 1048576K
}

