# JRE version: OpenJDK Runtime Environment (8.0_202-b03) (build 1.8.0_202-release-1483-b03)
# Java VM: OpenJDK 64-Bit Server VM (25.202-b03 mixed mode windows-amd64 compressed oops)
Heap:
 PSYoungGen      total 76800K, used 41348K [0x00000000e0000000, 0x00000000e7680000, 0x0000000100000000)
  eden space 66560K, 50% used [0x00000000e0000000,0x00000000e20d43d0,0x00000000e4100000)
  from space 10240K, 75% used [0x00000000e4100000,0x00000000e488cce0,0x00000000e4b00000)
  to   space 10240K, 0% used [0x00000000e6c80000,0x00000000e6c80000,0x00000000e7680000)
 ParOldGen       total 62464K, used 8539K [0x00000000a0000000, 0x00000000a3d00000, 0x00000000e0000000)
  object space 62464K, 13% used [0x00000000a0000000,0x00000000a0856c90,0x00000000a3d00000)
 Metaspace       used 30302K, capacity 30868K, committed 31104K, reserved 1075200K
  class space    used 4210K, capacity 4410K, committed 4480K, reserved 1048576K
GC Heap History (10 events):
Event: 3.389 GC heap before
{Heap before GC invocations=4 (full 0):
 PSYoungGen      total 38400K, used 38384K [0x00000000e0000000, 0x00000000e2a80000, 0x0000000100000000)
  eden space 33280K, 100% used [0x00000000e0000000,0x00000000e2080000,0x00000000e2080000)
  from space 5120K, 99% used [0x00000000e2080000,0x00000000e257c030,0x00000000e2580000)
  to   space 5120K, 0% used [0x00000000e2580000,0x00000000e2580000,0x00000000e2a80000)
 ParOldGen       total 87552K, used 1864K [0x00000000a0000000, 0x00000000a5580000, 0x00000000e0000000)
  object space 87552K, 2% used [0x00000000a0000000,0x00000000a01d2088,0x00000000a5580000)
 Metaspace       used 16268K, capacity 16672K, committed 16896K, reserved 1062912K
  class space    used 2314K, capacity 2456K, committed 2560K, reserved 1048576K
Event: 3.402 GC heap after
Heap after GC invocations=4 (full 0):
 PSYoungGen      total 38400K, used 5104K [0x00000000e0000000, 0x00000000e4b00000, 0x0000000100000000)
  eden space 33280K, 0% used [0x00000000e0000000,0x00000000e0000000,0x00000000e2080000)
  from space 5120K, 99% used [0x00000000e2580000,0x00000000e2a7c030,0x00000000e2a80000)
  to   space 5120K, 0% used [0x00000000e2080000,0x00000000e2080000,0x00000000e2580000)
 ParOldGen       total 87552K, used 5003K [0x00000000a0000000, 0x00000000a5580000, 0x00000000e0000000)
  object space 87552K, 5% used [0x00000000a0000000,0x00000000a04e2f88,0x00000000a5580000)
 Metaspace       used 16268K, capacity 16672K, committed 16896K, reserved 1062912K
  class space    used 2314K, capacity 2456K, committed 2560K, reserved 1048576K
}
Event: 4.376 GC heap before
{Heap before GC invocations=5 (full 0):
 PSYoungGen      total 38400K, used 38384K [0x00000000e0000000, 0x00000000e4b00000, 0x0000000100000000)
  eden space 33280K, 100% used [0x00000000e0000000,0x00000000e2080000,0x00000000e2080000)
  from space 5120K, 99% used [0x00000000e2580000,0x00000000e2a7c030,0x00000000e2a80000)
  to   space 5120K, 0% used [0x00000000e2080000,0x00000000e2080000,0x00000000e2580000)
 ParOldGen       total 87552K, used 5003K [0x00000000a0000000, 0x00000000a5580000, 0x00000000e0000000)
  object space 87552K, 5% used [0x00000000a0000000,0x00000000a04e2f88,0x00000000a5580000)
 Metaspace       used 19122K, capacity 19642K, committed 19968K, reserved 1067008K
  class space    used 2780K, capacity 2961K, committed 3072K, reserved 1048576K
Event: 4.386 GC heap after
Heap after GC invocations=5 (full 0):
 PSYoungGen      total 38400K, used 5088K [0x00000000e0000000, 0x00000000e5600000, 0x0000000100000000)
  eden space 33280K, 0% used [0x00000000e0000000,0x00000000e0000000,0x00000000e2080000)
  from space 5120K, 99% used [0x00000000e2080000,0x00000000e2578050,0x00000000e2580000)
  to   space 10752K, 0% used [0x00000000e4b80000,0x00000000e4b80000,0x00000000e5600000)
 ParOldGen       total 87552K, used 8690K [0x00000000a0000000, 0x00000000a5580000, 0x00000000e0000000)
  object space 87552K, 9% used [0x00000000a0000000,0x00000000a087c808,0x00000000a5580000)
 Metaspace       used 19122K, capacity 19642K, committed 19968K, reserved 1067008K
  class space    used 2780K, capacity 2961K, committed 3072K, reserved 1048576K
}
Event: 4.711 GC heap before
{Heap before GC invocations=6 (full 0):
 PSYoungGen      total 38400K, used 17169K [0x00000000e0000000, 0x00000000e5600000, 0x0000000100000000)
  eden space 33280K, 36% used [0x00000000e0000000,0x00000000e0bcc450,0x00000000e2080000)
  from space 5120K, 99% used [0x00000000e2080000,0x00000000e2578050,0x00000000e2580000)
  to   space 10752K, 0% used [0x00000000e4b80000,0x00000000e4b80000,0x00000000e5600000)
 ParOldGen       total 87552K, used 8690K [0x00000000a0000000, 0x00000000a5580000, 0x00000000e0000000)
  object space 87552K, 9% used [0x00000000a0000000,0x00000000a087c808,0x00000000a5580000)
 Metaspace       used 20725K, capacity 21160K, committed 21296K, reserved 1067008K
  class space    used 2965K, capacity 3125K, committed 3200K, reserved 1048576K
Event: 4.722 GC heap after
Heap after GC invocations=6 (full 0):
 PSYoungGen      total 76288K, used 7192K [0x00000000e0000000, 0x00000000e5500000, 0x0000000100000000)
  eden space 66560K, 0% used [0x00000000e0000000,0x00000000e0000000,0x00000000e4100000)
  from space 9728K, 73% used [0x00000000e4b80000,0x00000000e52863e0,0x00000000e5500000)
  to   space 10240K, 0% used [0x00000000e4100000,0x00000000e4100000,0x00000000e4b00000)
 ParOldGen       total 87552K, used 8698K [0x00000000a0000000, 0x00000000a5580000, 0x00000000e0000000)
  object space 87552K, 9% used [0x00000000a0000000,0x00000000a087e808,0x00000000a5580000)
 Metaspace       used 20725K, capacity 21160K, committed 21296K, reserved 1067008K
  class space    used 2965K, capacity 3125K, committed 3200K, reserved 1048576K
}
Event: 4.722 GC heap before
{Heap before GC invocations=7 (full 1):
 PSYoungGen      total 76288K, used 7192K [0x00000000e0000000, 0x00000000e5500000, 0x0000000100000000)
  eden space 66560K, 0% used [0x00000000e0000000,0x00000000e0000000,0x00000000e4100000)
  from space 9728K, 73% used [0x00000000e4b80000,0x00000000e52863e0,0x00000000e5500000)
  to   space 10240K, 0% used [0x00000000e4100000,0x00000000e4100000,0x00000000e4b00000)
 ParOldGen       total 87552K, used 8698K [0x00000000a0000000, 0x00000000a5580000, 0x00000000e0000000)
  object space 87552K, 9% used [0x00000000a0000000,0x00000000a087e808,0x00000000a5580000)
 Metaspace       used 20725K, capacity 21160K, committed 21296K, reserved 1067008K
  class space    used 2965K, capacity 3125K, committed 3200K, reserved 1048576K
Event: 4.789 GC heap after
Heap after GC invocations=7 (full 1):
 PSYoungGen      total 76288K, used 0K [0x00000000e0000000, 0x00000000e5500000, 0x0000000100000000)
  eden space 66560K, 0% used [0x00000000e0000000,0x00000000e0000000,0x00000000e4100000)
  from space 9728K, 0% used [0x00000000e4b80000,0x00000000e4b80000,0x00000000e5500000)
  to   space 10240K, 0% used [0x00000000e4100000,0x00000000e4100000,0x00000000e4b00000)
 ParOldGen       total 62464K, used 8531K [0x00000000a0000000, 0x00000000a3d00000, 0x00000000e0000000)
  object space 62464K, 13% used [0x00000000a0000000,0x00000000a0854c90,0x00000000a3d00000)
 Metaspace       used 20725K, capacity 21160K, committed 21296K, reserved 1067008K
  class space    used 2965K, capacity 3125K, committed 3200K, reserved 1048576K
}
Event: 5.939 GC heap before
{Heap before GC invocations=8 (full 1):
 PSYoungGen      total 76288K, used 66560K [0x00000000e0000000, 0x00000000e5500000, 0x0000000100000000)
  eden space 66560K, 100% used [0x00000000e0000000,0x00000000e4100000,0x00000000e4100000)
  from space 9728K, 0% used [0x00000000e4b80000,0x00000000e4b80000,0x00000000e5500000)
  to   space 10240K, 0% used [0x00000000e4100000,0x00000000e4100000,0x00000000e4b00000)
 ParOldGen       total 62464K, used 8531K [0x00000000a0000000, 0x00000000a3d00000, 0x00000000e0000000)
  object space 62464K, 13% used [0x00000000a0000000,0x00000000a0854c90,0x00000000a3d00000)
 Metaspace       used 28392K, capacity 28944K, committed 29184K, reserved 1075200K
  class space    used 3920K, capacity 4095K, committed 4096K, reserved 1048576K
Event: 5.952 GC heap after
Heap after GC invocations=8 (full 1):
 PSYoungGen      total 76800K, used 7731K [0x00000000e0000000, 0x00000000e7680000, 0x0000000100000000)
  eden space 66560K, 0% used [0x00000000e0000000,0x00000000e0000000,0x00000000e4100000)
  from space 10240K, 75% used [0x00000000e4100000,0x00000000e488cce0,0x00000000e4b00000)
  to   space 10240K, 0% used [0x00000000e6c80000,0x00000000e6c80000,0x00000000e7680000)
 ParOldGen       total 62464K, used 8539K [0x00000000a0000000, 0x00000000a3d00000, 0x00000000e0000000)
  object space 62464K, 13% used [0x00000000a0000000,0x00000000a0856c90,0x00000000a3d00000)
 Metaspace       used 28392K, capacity 28944K, committed 29184K, reserved 1075200K
  class space    used 3920K, capacity 4095K, committed 4096K, reserved 1048576K
}

