# JRE version: OpenJDK Runtime Environment (8.0_202-b03) (build 1.8.0_202-release-1483-b03)
# Java VM: OpenJDK 64-Bit Server VM (25.202-b03 mixed mode windows-amd64 compressed oops)
Heap:
 PSYoungGen      total 356864K, used 236081K [0x00000000e0000000, 0x0000000100000000, 0x0000000100000000)
  eden space 225280K, 51% used [0x00000000e0000000,0x00000000e71fa290,0x00000000edc00000)
  from space 131584K, 90% used [0x00000000f7700000,0x00000000feb921a8,0x00000000ff780000)
  to   space 149504K, 0% used [0x00000000edc00000,0x00000000edc00000,0x00000000f6e00000)
 ParOldGen       total 417280K, used 301379K [0x00000000a0000000, 0x00000000b9780000, 0x00000000e0000000)
  object space 417280K, 72% used [0x00000000a0000000,0x00000000b2650dc0,0x00000000b9780000)
 Metaspace       used 186941K, capacity 195204K, committed 200104K, reserved 1222656K
  class space    used 22669K, capacity 24040K, committed 27816K, reserved 1048576K
GC Heap History (10 events):
Event: 31574.956 GC heap before
{Heap before GC invocations=172 (full 16):
 PSYoungGen      total 387584K, used 342840K [0x00000000e0000000, 0x0000000100000000, 0x0000000100000000)
  eden space 259072K, 100% used [0x00000000e0000000,0x00000000efd00000,0x00000000efd00000)
  from space 128512K, 65% used [0x00000000efd00000,0x00000000f4ece2e0,0x00000000f7a80000)
  to   space 134144K, 0% used [0x00000000f7d00000,0x00000000f7d00000,0x0000000100000000)
 ParOldGen       total 417280K, used 133647K [0x00000000a0000000, 0x00000000b9780000, 0x00000000e0000000)
  object space 417280K, 32% used [0x00000000a0000000,0x00000000a8283ea8,0x00000000b9780000)
 Metaspace       used 176777K, capacity 184900K, committed 200104K, reserved 1222656K
  class space    used 21499K, capacity 22854K, committed 27816K, reserved 1048576K
Event: 31575.291 GC heap after
Heap after GC invocations=172 (full 16):
 PSYoungGen      total 372736K, used 96632K [0x00000000e0000000, 0x0000000100000000, 0x0000000100000000)
  eden space 238592K, 0% used [0x00000000e0000000,0x00000000e0000000,0x00000000ee900000)
  from space 134144K, 72% used [0x00000000f7d00000,0x00000000fdb5e120,0x0000000100000000)
  to   space 142848K, 0% used [0x00000000ee900000,0x00000000ee900000,0x00000000f7480000)
 ParOldGen       total 417280K, used 179061K [0x00000000a0000000, 0x00000000b9780000, 0x00000000e0000000)
  object space 417280K, 42% used [0x00000000a0000000,0x00000000aaedd660,0x00000000b9780000)
 Metaspace       used 176777K, capacity 184900K, committed 200104K, reserved 1222656K
  class space    used 21499K, capacity 22854K, committed 27816K, reserved 1048576K
}
Event: 31578.352 GC heap before
{Heap before GC invocations=173 (full 16):
 PSYoungGen      total 372736K, used 335224K [0x00000000e0000000, 0x0000000100000000, 0x0000000100000000)
  eden space 238592K, 100% used [0x00000000e0000000,0x00000000ee900000,0x00000000ee900000)
  from space 134144K, 72% used [0x00000000f7d00000,0x00000000fdb5e120,0x0000000100000000)
  to   space 142848K, 0% used [0x00000000ee900000,0x00000000ee900000,0x00000000f7480000)
 ParOldGen       total 417280K, used 179061K [0x00000000a0000000, 0x00000000b9780000, 0x00000000e0000000)
  object space 417280K, 42% used [0x00000000a0000000,0x00000000aaedd660,0x00000000b9780000)
 Metaspace       used 176818K, capacity 184964K, committed 200104K, reserved 1222656K
  class space    used 21499K, capacity 22854K, committed 27816K, reserved 1048576K
Event: 31578.542 GC heap after
Heap after GC invocations=173 (full 16):
 PSYoungGen      total 381440K, used 21642K [0x00000000e0000000, 0x0000000100000000, 0x0000000100000000)
  eden space 238592K, 0% used [0x00000000e0000000,0x00000000e0000000,0x00000000ee900000)
  from space 142848K, 15% used [0x00000000ee900000,0x00000000efe22998,0x00000000f7480000)
  to   space 139776K, 0% used [0x00000000f7780000,0x00000000f7780000,0x0000000100000000)
 ParOldGen       total 417280K, used 227182K [0x00000000a0000000, 0x00000000b9780000, 0x00000000e0000000)
  object space 417280K, 54% used [0x00000000a0000000,0x00000000adddba08,0x00000000b9780000)
 Metaspace       used 176818K, capacity 184964K, committed 200104K, reserved 1222656K
  class space    used 21499K, capacity 22854K, committed 27816K, reserved 1048576K
}
Event: 31717.480 GC heap before
{Heap before GC invocations=174 (full 16):
 PSYoungGen      total 381440K, used 260234K [0x00000000e0000000, 0x0000000100000000, 0x0000000100000000)
  eden space 238592K, 100% used [0x00000000e0000000,0x00000000ee900000,0x00000000ee900000)
  from space 142848K, 15% used [0x00000000ee900000,0x00000000efe22998,0x00000000f7480000)
  to   space 139776K, 0% used [0x00000000f7780000,0x00000000f7780000,0x0000000100000000)
 ParOldGen       total 417280K, used 227182K [0x00000000a0000000, 0x00000000b9780000, 0x00000000e0000000)
  object space 417280K, 54% used [0x00000000a0000000,0x00000000adddba08,0x00000000b9780000)
 Metaspace       used 176852K, capacity 185028K, committed 200104K, reserved 1222656K
  class space    used 21499K, capacity 22854K, committed 27816K, reserved 1048576K
Event: 31717.630 GC heap after
Heap after GC invocations=174 (full 16):
 PSYoungGen      total 375296K, used 9792K [0x00000000e0000000, 0x00000000ffa00000, 0x0000000100000000)
  eden space 241664K, 0% used [0x00000000e0000000,0x00000000e0000000,0x00000000eec00000)
  from space 133632K, 7% used [0x00000000f7780000,0x00000000f8110040,0x00000000ffa00000)
  to   space 138240K, 0% used [0x00000000eec00000,0x00000000eec00000,0x00000000f7300000)
 ParOldGen       total 417280K, used 247772K [0x00000000a0000000, 0x00000000b9780000, 0x00000000e0000000)
  object space 417280K, 59% used [0x00000000a0000000,0x00000000af1f70c0,0x00000000b9780000)
 Metaspace       used 176852K, capacity 185028K, committed 200104K, reserved 1222656K
  class space    used 21499K, capacity 22854K, committed 27816K, reserved 1048576K
}
Event: 31720.412 GC heap before
{Heap before GC invocations=175 (full 16):
 PSYoungGen      total 375296K, used 251456K [0x00000000e0000000, 0x00000000ffa00000, 0x0000000100000000)
  eden space 241664K, 100% used [0x00000000e0000000,0x00000000eec00000,0x00000000eec00000)
  from space 133632K, 7% used [0x00000000f7780000,0x00000000f8110040,0x00000000ffa00000)
  to   space 138240K, 0% used [0x00000000eec00000,0x00000000eec00000,0x00000000f7300000)
 ParOldGen       total 417280K, used 247772K [0x00000000a0000000, 0x00000000b9780000, 0x00000000e0000000)
  object space 417280K, 59% used [0x00000000a0000000,0x00000000af1f70c0,0x00000000b9780000)
 Metaspace       used 179415K, capacity 187636K, committed 200104K, reserved 1222656K
  class space    used 21715K, capacity 23086K, committed 27816K, reserved 1048576K
Event: 31720.500 GC heap after
Heap after GC invocations=175 (full 16):
 PSYoungGen      total 379904K, used 53776K [0x00000000e0000000, 0x00000000ff780000, 0x0000000100000000)
  eden space 241664K, 0% used [0x00000000e0000000,0x00000000e0000000,0x00000000eec00000)
  from space 138240K, 38% used [0x00000000eec00000,0x00000000f2084170,0x00000000f7300000)
  to   space 131584K, 0% used [0x00000000f7700000,0x00000000f7700000,0x00000000ff780000)
 ParOldGen       total 417280K, used 256568K [0x00000000a0000000, 0x00000000b9780000, 0x00000000e0000000)
  object space 417280K, 61% used [0x00000000a0000000,0x00000000afa8e1c8,0x00000000b9780000)
 Metaspace       used 179415K, capacity 187636K, committed 200104K, reserved 1222656K
  class space    used 21715K, capacity 23086K, committed 27816K, reserved 1048576K
}
Event: 31723.440 GC heap before
{Heap before GC invocations=176 (full 16):
 PSYoungGen      total 379904K, used 295440K [0x00000000e0000000, 0x00000000ff780000, 0x0000000100000000)
  eden space 241664K, 100% used [0x00000000e0000000,0x00000000eec00000,0x00000000eec00000)
  from space 138240K, 38% used [0x00000000eec00000,0x00000000f2084170,0x00000000f7300000)
  to   space 131584K, 0% used [0x00000000f7700000,0x00000000f7700000,0x00000000ff780000)
 ParOldGen       total 417280K, used 256568K [0x00000000a0000000, 0x00000000b9780000, 0x00000000e0000000)
  object space 417280K, 61% used [0x00000000a0000000,0x00000000afa8e1c8,0x00000000b9780000)
 Metaspace       used 186929K, capacity 195204K, committed 200104K, reserved 1222656K
  class space    used 22669K, capacity 24040K, committed 27816K, reserved 1048576K
Event: 31724.013 GC heap after
Heap after GC invocations=176 (full 16):
 PSYoungGen      total 356864K, used 119368K [0x00000000e0000000, 0x0000000100000000, 0x0000000100000000)
  eden space 225280K, 0% used [0x00000000e0000000,0x00000000e0000000,0x00000000edc00000)
  from space 131584K, 90% used [0x00000000f7700000,0x00000000feb921a8,0x00000000ff780000)
  to   space 149504K, 0% used [0x00000000edc00000,0x00000000edc00000,0x00000000f6e00000)
 ParOldGen       total 417280K, used 301379K [0x00000000a0000000, 0x00000000b9780000, 0x00000000e0000000)
  object space 417280K, 72% used [0x00000000a0000000,0x00000000b2650dc0,0x00000000b9780000)
 Metaspace       used 186929K, capacity 195204K, committed 200104K, reserved 1222656K
  class space    used 22669K, capacity 24040K, committed 27816K, reserved 1048576K
}

