# JRE version: OpenJDK Runtime Environment (8.0_202-b03) (build 1.8.0_202-release-1483-b03)
# Java VM: OpenJDK 64-Bit Server VM (25.202-b03 mixed mode windows-amd64 compressed oops)
Heap:
 PSYoungGen      total 149504K, used 71458K [0x00000000e0000000, 0x00000000ed800000, 0x0000000100000000)
  eden space 106496K, 26% used [0x00000000e0000000,0x00000000e1bc9038,0x00000000e6800000)
  from space 43008K, 99% used [0x00000000e6800000,0x00000000e91ff8b0,0x00000000e9200000)
  to   space 52224K, 0% used [0x00000000ea500000,0x00000000ea500000,0x00000000ed800000)
 ParOldGen       total 152064K, used 89195K [0x00000000a0000000, 0x00000000a9480000, 0x00000000e0000000)
  object space 152064K, 58% used [0x00000000a0000000,0x00000000a571afc8,0x00000000a9480000)
 Metaspace       used 88478K, capacity 91780K, committed 91992K, reserved 1128448K
  class space    used 11402K, capacity 12146K, committed 12160K, reserved 1048576K
GC Heap History (10 events):
Event: 17300.968 GC heap before
{Heap before GC invocations=28 (full 3):
 PSYoungGen      total 111104K, used 110785K [0x00000000e0000000, 0x00000000e9500000, 0x0000000100000000)
  eden space 87552K, 99% used [0x00000000e0000000,0x00000000e5534298,0x00000000e5580000)
  from space 23552K, 99% used [0x00000000e7300000,0x00000000e89fc310,0x00000000e8a00000)
  to   space 30208K, 0% used [0x00000000e5580000,0x00000000e5580000,0x00000000e7300000)
 ParOldGen       total 152064K, used 59404K [0x00000000a0000000, 0x00000000a9480000, 0x00000000e0000000)
  object space 152064K, 39% used [0x00000000a0000000,0x00000000a3a032e0,0x00000000a9480000)
 Metaspace       used 80947K, capacity 84210K, committed 84440K, reserved 1122304K
  class space    used 10476K, capacity 11197K, committed 11264K, reserved 1048576K
Event: 17301.049 GC heap after
Heap after GC invocations=28 (full 3):
 PSYoungGen      total 117760K, used 30199K [0x00000000e0000000, 0x00000000eae80000, 0x0000000100000000)
  eden space 87552K, 0% used [0x00000000e0000000,0x00000000e0000000,0x00000000e5580000)
  from space 30208K, 99% used [0x00000000e5580000,0x00000000e72fde68,0x00000000e7300000)
  to   space 40448K, 0% used [0x00000000e8700000,0x00000000e8700000,0x00000000eae80000)
 ParOldGen       total 152064K, used 75443K [0x00000000a0000000, 0x00000000a9480000, 0x00000000e0000000)
  object space 152064K, 49% used [0x00000000a0000000,0x00000000a49acfb8,0x00000000a9480000)
 Metaspace       used 80947K, capacity 84210K, committed 84440K, reserved 1122304K
  class space    used 10476K, capacity 11197K, committed 11264K, reserved 1048576K
}
Event: 17305.501 GC heap before
{Heap before GC invocations=29 (full 3):
 PSYoungGen      total 117760K, used 117751K [0x00000000e0000000, 0x00000000eae80000, 0x0000000100000000)
  eden space 87552K, 100% used [0x00000000e0000000,0x00000000e5580000,0x00000000e5580000)
  from space 30208K, 99% used [0x00000000e5580000,0x00000000e72fde68,0x00000000e7300000)
  to   space 40448K, 0% used [0x00000000e8700000,0x00000000e8700000,0x00000000eae80000)
 ParOldGen       total 152064K, used 75443K [0x00000000a0000000, 0x00000000a9480000, 0x00000000e0000000)
  object space 152064K, 49% used [0x00000000a0000000,0x00000000a49acfb8,0x00000000a9480000)
 Metaspace       used 81438K, capacity 84718K, committed 85080K, reserved 1122304K
  class space    used 10534K, capacity 11283K, committed 11392K, reserved 1048576K
Event: 17305.617 GC heap after
Heap after GC invocations=29 (full 3):
 PSYoungGen      total 138240K, used 22985K [0x00000000e0000000, 0x00000000eb000000, 0x0000000100000000)
  eden space 97792K, 0% used [0x00000000e0000000,0x00000000e0000000,0x00000000e5f80000)
  from space 40448K, 56% used [0x00000000e8700000,0x00000000e9d727b8,0x00000000eae80000)
  to   space 40448K, 0% used [0x00000000e5f80000,0x00000000e5f80000,0x00000000e8700000)
 ParOldGen       total 152064K, used 81080K [0x00000000a0000000, 0x00000000a9480000, 0x00000000e0000000)
  object space 152064K, 53% used [0x00000000a0000000,0x00000000a4f2e288,0x00000000a9480000)
 Metaspace       used 81438K, capacity 84718K, committed 85080K, reserved 1122304K
  class space    used 10534K, capacity 11283K, committed 11392K, reserved 1048576K
}
Event: 17370.916 GC heap before
{Heap before GC invocations=30 (full 3):
 PSYoungGen      total 138240K, used 120777K [0x00000000e0000000, 0x00000000eb000000, 0x0000000100000000)
  eden space 97792K, 100% used [0x00000000e0000000,0x00000000e5f80000,0x00000000e5f80000)
  from space 40448K, 56% used [0x00000000e8700000,0x00000000e9d727b8,0x00000000eae80000)
  to   space 40448K, 0% used [0x00000000e5f80000,0x00000000e5f80000,0x00000000e8700000)
 ParOldGen       total 152064K, used 81080K [0x00000000a0000000, 0x00000000a9480000, 0x00000000e0000000)
  object space 152064K, 53% used [0x00000000a0000000,0x00000000a4f2e288,0x00000000a9480000)
 Metaspace       used 83394K, capacity 86766K, committed 86872K, reserved 1124352K
  class space    used 10792K, capacity 11561K, committed 11648K, reserved 1048576K
Event: 17370.958 GC heap after
Heap after GC invocations=30 (full 3):
 PSYoungGen      total 138240K, used 25551K [0x00000000e0000000, 0x00000000eba00000, 0x0000000100000000)
  eden space 97792K, 0% used [0x00000000e0000000,0x00000000e0000000,0x00000000e5f80000)
  from space 40448K, 63% used [0x00000000e5f80000,0x00000000e7873c20,0x00000000e8700000)
  to   space 40960K, 0% used [0x00000000e9200000,0x00000000e9200000,0x00000000eba00000)
 ParOldGen       total 152064K, used 81088K [0x00000000a0000000, 0x00000000a9480000, 0x00000000e0000000)
  object space 152064K, 53% used [0x00000000a0000000,0x00000000a4f30288,0x00000000a9480000)
 Metaspace       used 83394K, capacity 86766K, committed 86872K, reserved 1124352K
  class space    used 10792K, capacity 11561K, committed 11648K, reserved 1048576K
}
Event: 17379.892 GC heap before
{Heap before GC invocations=31 (full 3):
 PSYoungGen      total 138240K, used 123343K [0x00000000e0000000, 0x00000000eba00000, 0x0000000100000000)
  eden space 97792K, 100% used [0x00000000e0000000,0x00000000e5f80000,0x00000000e5f80000)
  from space 40448K, 63% used [0x00000000e5f80000,0x00000000e7873c20,0x00000000e8700000)
  to   space 40960K, 0% used [0x00000000e9200000,0x00000000e9200000,0x00000000eba00000)
 ParOldGen       total 152064K, used 81088K [0x00000000a0000000, 0x00000000a9480000, 0x00000000e0000000)
  object space 152064K, 53% used [0x00000000a0000000,0x00000000a4f30288,0x00000000a9480000)
 Metaspace       used 83903K, capacity 87188K, committed 87384K, reserved 1124352K
  class space    used 10862K, capacity 11594K, committed 11648K, reserved 1048576K
Event: 17379.974 GC heap after
Heap after GC invocations=31 (full 3):
 PSYoungGen      total 147456K, used 30040K [0x00000000e0000000, 0x00000000ebd80000, 0x0000000100000000)
  eden space 106496K, 0% used [0x00000000e0000000,0x00000000e0000000,0x00000000e6800000)
  from space 40960K, 73% used [0x00000000e9200000,0x00000000eaf56378,0x00000000eba00000)
  to   space 43008K, 0% used [0x00000000e6800000,0x00000000e6800000,0x00000000e9200000)
 ParOldGen       total 152064K, used 81096K [0x00000000a0000000, 0x00000000a9480000, 0x00000000e0000000)
  object space 152064K, 53% used [0x00000000a0000000,0x00000000a4f32288,0x00000000a9480000)
 Metaspace       used 83903K, capacity 87188K, committed 87384K, reserved 1124352K
  class space    used 10862K, capacity 11594K, committed 11648K, reserved 1048576K
}
Event: 17397.978 GC heap before
{Heap before GC invocations=32 (full 3):
 PSYoungGen      total 147456K, used 136536K [0x00000000e0000000, 0x00000000ebd80000, 0x0000000100000000)
  eden space 106496K, 100% used [0x00000000e0000000,0x00000000e6800000,0x00000000e6800000)
  from space 40960K, 73% used [0x00000000e9200000,0x00000000eaf56378,0x00000000eba00000)
  to   space 43008K, 0% used [0x00000000e6800000,0x00000000e6800000,0x00000000e9200000)
 ParOldGen       total 152064K, used 81096K [0x00000000a0000000, 0x00000000a9480000, 0x00000000e0000000)
  object space 152064K, 53% used [0x00000000a0000000,0x00000000a4f32288,0x00000000a9480000)
 Metaspace       used 88302K, capacity 91652K, committed 91736K, reserved 1128448K
  class space    used 11395K, capacity 12146K, committed 12160K, reserved 1048576K
Event: 17398.058 GC heap after
Heap after GC invocations=32 (full 3):
 PSYoungGen      total 149504K, used 43006K [0x00000000e0000000, 0x00000000ed800000, 0x0000000100000000)
  eden space 106496K, 0% used [0x00000000e0000000,0x00000000e0000000,0x00000000e6800000)
  from space 43008K, 99% used [0x00000000e6800000,0x00000000e91ff8b0,0x00000000e9200000)
  to   space 52224K, 0% used [0x00000000ea500000,0x00000000ea500000,0x00000000ed800000)
 ParOldGen       total 152064K, used 89195K [0x00000000a0000000, 0x00000000a9480000, 0x00000000e0000000)
  object space 152064K, 58% used [0x00000000a0000000,0x00000000a571afc8,0x00000000a9480000)
 Metaspace       used 88302K, capacity 91652K, committed 91736K, reserved 1128448K
  class space    used 11395K, capacity 12146K, committed 12160K, reserved 1048576K
}

