# JRE version: OpenJDK Runtime Environment (8.0_202-b03) (build 1.8.0_202-release-1483-b03)
# Java VM: OpenJDK 64-Bit Server VM (25.202-b03 mixed mode windows-amd64 compressed oops)
Heap:
 PSYoungGen      total 101376K, used 29359K [0x00000000f5580000, 0x00000000fe780000, 0x0000000100000000)
  eden space 93696K, 23% used [0x00000000f5580000,0x00000000f6ac6038,0x00000000fb100000)
  from space 7680K, 98% used [0x00000000fe000000,0x00000000fe765f20,0x00000000fe780000)
  to   space 10752K, 0% used [0x00000000fd280000,0x00000000fd280000,0x00000000fdd00000)
 ParOldGen       total 175104K, used 11630K [0x00000000e0000000, 0x00000000eab00000, 0x00000000f5580000)
  object space 175104K, 6% used [0x00000000e0000000,0x00000000e0b5ba10,0x00000000eab00000)
 Metaspace       used 29449K, capacity 29946K, committed 30208K, reserved 1075200K
  class space    used 4078K, capacity 4256K, committed 4352K, reserved 1048576K
GC Heap History (10 events):
Event: 1.886 GC heap before
{Heap before GC invocations=1 (full 0):
 PSYoungGen      total 76288K, used 65536K [0x00000000f5580000, 0x00000000faa80000, 0x0000000100000000)
  eden space 65536K, 100% used [0x00000000f5580000,0x00000000f9580000,0x00000000f9580000)
  from space 10752K, 0% used [0x00000000fa000000,0x00000000fa000000,0x00000000faa80000)
  to   space 10752K, 0% used [0x00000000f9580000,0x00000000f9580000,0x00000000fa000000)
 ParOldGen       total 175104K, used 0K [0x00000000e0000000, 0x00000000eab00000, 0x00000000f5580000)
  object space 175104K, 0% used [0x00000000e0000000,0x00000000e0000100,0x00000000eab00000)
 Metaspace       used 8533K, capacity 8798K, committed 8960K, reserved 1056768K
  class space    used 1100K, capacity 1173K, committed 1280K, reserved 1048576K
Event: 1.894 GC heap after
Heap after GC invocations=1 (full 0):
 PSYoungGen      total 76288K, used 6521K [0x00000000f5580000, 0x00000000faa80000, 0x0000000100000000)
  eden space 65536K, 0% used [0x00000000f5580000,0x00000000f5580000,0x00000000f9580000)
  from space 10752K, 60% used [0x00000000f9580000,0x00000000f9bde738,0x00000000fa000000)
  to   space 10752K, 0% used [0x00000000fa000000,0x00000000fa000000,0x00000000faa80000)
 ParOldGen       total 175104K, used 16K [0x00000000e0000000, 0x00000000eab00000, 0x00000000f5580000)
  object space 175104K, 0% used [0x00000000e0000000,0x00000000e0004100,0x00000000eab00000)
 Metaspace       used 8533K, capacity 8798K, committed 8960K, reserved 1056768K
  class space    used 1100K, capacity 1173K, committed 1280K, reserved 1048576K
}
Event: 3.499 GC heap before
{Heap before GC invocations=2 (full 0):
 PSYoungGen      total 76288K, used 72057K [0x00000000f5580000, 0x00000000faa80000, 0x0000000100000000)
  eden space 65536K, 100% used [0x00000000f5580000,0x00000000f9580000,0x00000000f9580000)
  from space 10752K, 60% used [0x00000000f9580000,0x00000000f9bde738,0x00000000fa000000)
  to   space 10752K, 0% used [0x00000000fa000000,0x00000000fa000000,0x00000000faa80000)
 ParOldGen       total 175104K, used 20K [0x00000000e0000000, 0x00000000eab00000, 0x00000000f5580000)
  object space 175104K, 0% used [0x00000000e0000000,0x00000000e00051f0,0x00000000eab00000)
 Metaspace       used 15407K, capacity 15780K, committed 16000K, reserved 1062912K
  class space    used 2190K, capacity 2328K, committed 2432K, reserved 1048576K
Event: 3.516 GC heap after
Heap after GC invocations=2 (full 0):
 PSYoungGen      total 76288K, used 10152K [0x00000000f5580000, 0x00000000faa80000, 0x0000000100000000)
  eden space 65536K, 0% used [0x00000000f5580000,0x00000000f5580000,0x00000000f9580000)
  from space 10752K, 94% used [0x00000000fa000000,0x00000000fa9ea1f0,0x00000000faa80000)
  to   space 10752K, 0% used [0x00000000f9580000,0x00000000f9580000,0x00000000fa000000)
 ParOldGen       total 175104K, used 28K [0x00000000e0000000, 0x00000000eab00000, 0x00000000f5580000)
  object space 175104K, 0% used [0x00000000e0000000,0x00000000e00071f0,0x00000000eab00000)
 Metaspace       used 15407K, capacity 15780K, committed 16000K, reserved 1062912K
  class space    used 2190K, capacity 2328K, committed 2432K, reserved 1048576K
}
Event: 4.623 GC heap before
{Heap before GC invocations=3 (full 0):
 PSYoungGen      total 76288K, used 63953K [0x00000000f5580000, 0x00000000faa80000, 0x0000000100000000)
  eden space 65536K, 82% used [0x00000000f5580000,0x00000000f8a0a430,0x00000000f9580000)
  from space 10752K, 94% used [0x00000000fa000000,0x00000000fa9ea1f0,0x00000000faa80000)
  to   space 10752K, 0% used [0x00000000f9580000,0x00000000f9580000,0x00000000fa000000)
 ParOldGen       total 175104K, used 28K [0x00000000e0000000, 0x00000000eab00000, 0x00000000f5580000)
  object space 175104K, 0% used [0x00000000e0000000,0x00000000e00071f0,0x00000000eab00000)
 Metaspace       used 20714K, capacity 21164K, committed 21296K, reserved 1067008K
  class space    used 2964K, capacity 3125K, committed 3200K, reserved 1048576K
Event: 4.645 GC heap after
Heap after GC invocations=3 (full 0):
 PSYoungGen      total 76288K, used 10729K [0x00000000f5580000, 0x00000000fea80000, 0x0000000100000000)
  eden space 65536K, 0% used [0x00000000f5580000,0x00000000f5580000,0x00000000f9580000)
  from space 10752K, 99% used [0x00000000f9580000,0x00000000f9ffa520,0x00000000fa000000)
  to   space 10752K, 0% used [0x00000000fe000000,0x00000000fe000000,0x00000000fea80000)
 ParOldGen       total 175104K, used 1257K [0x00000000e0000000, 0x00000000eab00000, 0x00000000f5580000)
  object space 175104K, 0% used [0x00000000e0000000,0x00000000e013a6e8,0x00000000eab00000)
 Metaspace       used 20714K, capacity 21164K, committed 21296K, reserved 1067008K
  class space    used 2964K, capacity 3125K, committed 3200K, reserved 1048576K
}
Event: 4.645 GC heap before
{Heap before GC invocations=4 (full 1):
 PSYoungGen      total 76288K, used 10729K [0x00000000f5580000, 0x00000000fea80000, 0x0000000100000000)
  eden space 65536K, 0% used [0x00000000f5580000,0x00000000f5580000,0x00000000f9580000)
  from space 10752K, 99% used [0x00000000f9580000,0x00000000f9ffa520,0x00000000fa000000)
  to   space 10752K, 0% used [0x00000000fe000000,0x00000000fe000000,0x00000000fea80000)
 ParOldGen       total 175104K, used 1257K [0x00000000e0000000, 0x00000000eab00000, 0x00000000f5580000)
  object space 175104K, 0% used [0x00000000e0000000,0x00000000e013a6e8,0x00000000eab00000)
 Metaspace       used 20714K, capacity 21164K, committed 21296K, reserved 1067008K
  class space    used 2964K, capacity 3125K, committed 3200K, reserved 1048576K
Event: 4.711 GC heap after
Heap after GC invocations=4 (full 1):
 PSYoungGen      total 76288K, used 0K [0x00000000f5580000, 0x00000000fea80000, 0x0000000100000000)
  eden space 65536K, 0% used [0x00000000f5580000,0x00000000f5580000,0x00000000f9580000)
  from space 10752K, 0% used [0x00000000f9580000,0x00000000f9580000,0x00000000fa000000)
  to   space 10752K, 0% used [0x00000000fe000000,0x00000000fe000000,0x00000000fea80000)
 ParOldGen       total 175104K, used 11622K [0x00000000e0000000, 0x00000000eab00000, 0x00000000f5580000)
  object space 175104K, 6% used [0x00000000e0000000,0x00000000e0b59a10,0x00000000eab00000)
 Metaspace       used 20714K, capacity 21164K, committed 21296K, reserved 1067008K
  class space    used 2964K, capacity 3125K, committed 3200K, reserved 1048576K
}
Event: 6.041 GC heap before
{Heap before GC invocations=5 (full 1):
 PSYoungGen      total 76288K, used 65536K [0x00000000f5580000, 0x00000000fea80000, 0x0000000100000000)
  eden space 65536K, 100% used [0x00000000f5580000,0x00000000f9580000,0x00000000f9580000)
  from space 10752K, 0% used [0x00000000f9580000,0x00000000f9580000,0x00000000fa000000)
  to   space 10752K, 0% used [0x00000000fe000000,0x00000000fe000000,0x00000000fea80000)
 ParOldGen       total 175104K, used 11622K [0x00000000e0000000, 0x00000000eab00000, 0x00000000f5580000)
  object space 175104K, 6% used [0x00000000e0000000,0x00000000e0b59a10,0x00000000eab00000)
 Metaspace       used 28226K, capacity 28750K, committed 28928K, reserved 1075200K
  class space    used 3887K, capacity 4094K, committed 4096K, reserved 1048576K
Event: 6.054 GC heap after
Heap after GC invocations=5 (full 1):
 PSYoungGen      total 101376K, used 7575K [0x00000000f5580000, 0x00000000fe780000, 0x0000000100000000)
  eden space 93696K, 0% used [0x00000000f5580000,0x00000000f5580000,0x00000000fb100000)
  from space 7680K, 98% used [0x00000000fe000000,0x00000000fe765f20,0x00000000fe780000)
  to   space 10752K, 0% used [0x00000000fd280000,0x00000000fd280000,0x00000000fdd00000)
 ParOldGen       total 175104K, used 11630K [0x00000000e0000000, 0x00000000eab00000, 0x00000000f5580000)
  object space 175104K, 6% used [0x00000000e0000000,0x00000000e0b5ba10,0x00000000eab00000)
 Metaspace       used 28226K, capacity 28750K, committed 28928K, reserved 1075200K
  class space    used 3887K, capacity 4094K, committed 4096K, reserved 1048576K
}

