# JRE version: OpenJDK Runtime Environment (8.0_202-b03) (build 1.8.0_202-release-1483-b03)
# Java VM: OpenJDK 64-Bit Server VM (25.202-b03 mixed mode windows-amd64 compressed oops)
Heap:
 PSYoungGen      total 220160K, used 31856K [0x00000000e0000000, 0x00000000ef200000, 0x0000000100000000)
  eden space 201216K, 6% used [0x00000000e0000000,0x00000000e0ca2328,0x00000000ec480000)
  from space 18944K, 99% used [0x00000000edb00000,0x00000000eed79f18,0x00000000eed80000)
  to   space 23040K, 0% used [0x00000000ec480000,0x00000000ec480000,0x00000000edb00000)
 ParOldGen       total 141312K, used 37893K [0x00000000a0000000, 0x00000000a8a00000, 0x00000000e0000000)
  object space 141312K, 26% used [0x00000000a0000000,0x00000000a25016c0,0x00000000a8a00000)
 Metaspace       used 69681K, capacity 72524K, committed 72832K, reserved 1112064K
  class space    used 9415K, capacity 10016K, committed 10112K, reserved 1048576K
GC Heap History (10 events):
Event: 12.687 GC heap before
{Heap before GC invocations=13 (full 2):
 PSYoungGen      total 144896K, used 144867K [0x00000000e0000000, 0x00000000ea000000, 0x0000000100000000)
  eden space 133120K, 100% used [0x00000000e0000000,0x00000000e8200000,0x00000000e8200000)
  from space 11776K, 99% used [0x00000000e9480000,0x00000000e9ff8f70,0x00000000ea000000)
  to   space 13312K, 0% used [0x00000000e8600000,0x00000000e8600000,0x00000000e9300000)
 ParOldGen       total 92160K, used 18168K [0x00000000a0000000, 0x00000000a5a00000, 0x00000000e0000000)
  object space 92160K, 19% used [0x00000000a0000000,0x00000000a11be150,0x00000000a5a00000)
 Metaspace       used 52652K, capacity 54428K, committed 54528K, reserved 1095680K
  class space    used 7176K, capacity 7608K, committed 7680K, reserved 1048576K
Event: 12.746 GC heap after
Heap after GC invocations=13 (full 2):
 PSYoungGen      total 150528K, used 13285K [0x00000000e0000000, 0x00000000ecc80000, 0x0000000100000000)
  eden space 137216K, 0% used [0x00000000e0000000,0x00000000e0000000,0x00000000e8600000)
  from space 13312K, 99% used [0x00000000e8600000,0x00000000e92f9698,0x00000000e9300000)
  to   space 18432K, 0% used [0x00000000eba80000,0x00000000eba80000,0x00000000ecc80000)
 ParOldGen       total 92160K, used 26881K [0x00000000a0000000, 0x00000000a5a00000, 0x00000000e0000000)
  object space 92160K, 29% used [0x00000000a0000000,0x00000000a1a40760,0x00000000a5a00000)
 Metaspace       used 52652K, capacity 54428K, committed 54528K, reserved 1095680K
  class space    used 7176K, capacity 7608K, committed 7680K, reserved 1048576K
}
Event: 15.081 GC heap before
{Heap before GC invocations=14 (full 2):
 PSYoungGen      total 150528K, used 86315K [0x00000000e0000000, 0x00000000ecc80000, 0x0000000100000000)
  eden space 137216K, 53% used [0x00000000e0000000,0x00000000e4751728,0x00000000e8600000)
  from space 13312K, 99% used [0x00000000e8600000,0x00000000e92f9698,0x00000000e9300000)
  to   space 18432K, 0% used [0x00000000eba80000,0x00000000eba80000,0x00000000ecc80000)
 ParOldGen       total 92160K, used 26881K [0x00000000a0000000, 0x00000000a5a00000, 0x00000000e0000000)
  object space 92160K, 29% used [0x00000000a0000000,0x00000000a1a40760,0x00000000a5a00000)
 Metaspace       used 56933K, capacity 58976K, committed 59096K, reserved 1099776K
  class space    used 7819K, capacity 8262K, committed 8320K, reserved 1048576K
Event: 15.125 GC heap after
Heap after GC invocations=14 (full 2):
 PSYoungGen      total 191488K, used 6094K [0x00000000e0000000, 0x00000000ed080000, 0x0000000100000000)
  eden space 173056K, 0% used [0x00000000e0000000,0x00000000e0000000,0x00000000ea900000)
  from space 18432K, 33% used [0x00000000eba80000,0x00000000ec073b08,0x00000000ecc80000)
  to   space 17920K, 0% used [0x00000000ea900000,0x00000000ea900000,0x00000000eba80000)
 ParOldGen       total 92160K, used 34736K [0x00000000a0000000, 0x00000000a5a00000, 0x00000000e0000000)
  object space 92160K, 37% used [0x00000000a0000000,0x00000000a21ec000,0x00000000a5a00000)
 Metaspace       used 56933K, capacity 58976K, committed 59096K, reserved 1099776K
  class space    used 7819K, capacity 8262K, committed 8320K, reserved 1048576K
}
Event: 15.125 GC heap before
{Heap before GC invocations=15 (full 3):
 PSYoungGen      total 191488K, used 6094K [0x00000000e0000000, 0x00000000ed080000, 0x0000000100000000)
  eden space 173056K, 0% used [0x00000000e0000000,0x00000000e0000000,0x00000000ea900000)
  from space 18432K, 33% used [0x00000000eba80000,0x00000000ec073b08,0x00000000ecc80000)
  to   space 17920K, 0% used [0x00000000ea900000,0x00000000ea900000,0x00000000eba80000)
 ParOldGen       total 92160K, used 34736K [0x00000000a0000000, 0x00000000a5a00000, 0x00000000e0000000)
  object space 92160K, 37% used [0x00000000a0000000,0x00000000a21ec000,0x00000000a5a00000)
 Metaspace       used 56933K, capacity 58976K, committed 59096K, reserved 1099776K
  class space    used 7819K, capacity 8262K, committed 8320K, reserved 1048576K
Event: 15.583 GC heap after
Heap after GC invocations=15 (full 3):
 PSYoungGen      total 191488K, used 0K [0x00000000e0000000, 0x00000000ed080000, 0x0000000100000000)
  eden space 173056K, 0% used [0x00000000e0000000,0x00000000e0000000,0x00000000ea900000)
  from space 18432K, 0% used [0x00000000eba80000,0x00000000eba80000,0x00000000ecc80000)
  to   space 17920K, 0% used [0x00000000ea900000,0x00000000ea900000,0x00000000eba80000)
 ParOldGen       total 141312K, used 34700K [0x00000000a0000000, 0x00000000a8a00000, 0x00000000e0000000)
  object space 141312K, 24% used [0x00000000a0000000,0x00000000a21e3110,0x00000000a8a00000)
 Metaspace       used 56930K, capacity 58964K, committed 59096K, reserved 1099776K
  class space    used 7818K, capacity 8260K, committed 8320K, reserved 1048576K
}
Event: 23.069 GC heap before
{Heap before GC invocations=16 (full 3):
 PSYoungGen      total 191488K, used 173056K [0x00000000e0000000, 0x00000000ed080000, 0x0000000100000000)
  eden space 173056K, 100% used [0x00000000e0000000,0x00000000ea900000,0x00000000ea900000)
  from space 18432K, 0% used [0x00000000eba80000,0x00000000eba80000,0x00000000ecc80000)
  to   space 17920K, 0% used [0x00000000ea900000,0x00000000ea900000,0x00000000eba80000)
 ParOldGen       total 141312K, used 34700K [0x00000000a0000000, 0x00000000a8a00000, 0x00000000e0000000)
  object space 141312K, 24% used [0x00000000a0000000,0x00000000a21e3110,0x00000000a8a00000)
 Metaspace       used 65640K, capacity 68128K, committed 68224K, reserved 1107968K
  class space    used 8995K, capacity 9556K, committed 9600K, reserved 1048576K
Event: 23.098 GC heap after
Heap after GC invocations=16 (full 3):
 PSYoungGen      total 190976K, used 14818K [0x00000000e0000000, 0x00000000eed80000, 0x0000000100000000)
  eden space 173056K, 0% used [0x00000000e0000000,0x00000000e0000000,0x00000000ea900000)
  from space 17920K, 82% used [0x00000000ea900000,0x00000000eb778b98,0x00000000eba80000)
  to   space 18944K, 0% used [0x00000000edb00000,0x00000000edb00000,0x00000000eed80000)
 ParOldGen       total 141312K, used 34708K [0x00000000a0000000, 0x00000000a8a00000, 0x00000000e0000000)
  object space 141312K, 24% used [0x00000000a0000000,0x00000000a21e5110,0x00000000a8a00000)
 Metaspace       used 65640K, capacity 68128K, committed 68224K, reserved 1107968K
  class space    used 8995K, capacity 9556K, committed 9600K, reserved 1048576K
}
Event: 29.923 GC heap before
{Heap before GC invocations=17 (full 3):
 PSYoungGen      total 190976K, used 187874K [0x00000000e0000000, 0x00000000eed80000, 0x0000000100000000)
  eden space 173056K, 100% used [0x00000000e0000000,0x00000000ea900000,0x00000000ea900000)
  from space 17920K, 82% used [0x00000000ea900000,0x00000000eb778b98,0x00000000eba80000)
  to   space 18944K, 0% used [0x00000000edb00000,0x00000000edb00000,0x00000000eed80000)
 ParOldGen       total 141312K, used 34708K [0x00000000a0000000, 0x00000000a8a00000, 0x00000000e0000000)
  object space 141312K, 24% used [0x00000000a0000000,0x00000000a21e5110,0x00000000a8a00000)
 Metaspace       used 69396K, capacity 72268K, committed 72576K, reserved 1112064K
  class space    used 9396K, capacity 10016K, committed 10112K, reserved 1048576K
Event: 29.966 GC heap after
Heap after GC invocations=17 (full 3):
 PSYoungGen      total 220160K, used 18919K [0x00000000e0000000, 0x00000000ef200000, 0x0000000100000000)
  eden space 201216K, 0% used [0x00000000e0000000,0x00000000e0000000,0x00000000ec480000)
  from space 18944K, 99% used [0x00000000edb00000,0x00000000eed79f18,0x00000000eed80000)
  to   space 23040K, 0% used [0x00000000ec480000,0x00000000ec480000,0x00000000edb00000)
 ParOldGen       total 141312K, used 37893K [0x00000000a0000000, 0x00000000a8a00000, 0x00000000e0000000)
  object space 141312K, 26% used [0x00000000a0000000,0x00000000a25016c0,0x00000000a8a00000)
 Metaspace       used 69396K, capacity 72268K, committed 72576K, reserved 1112064K
  class space    used 9396K, capacity 10016K, committed 10112K, reserved 1048576K
}

