# JRE version: OpenJDK Runtime Environment (8.0_202-b03) (build 1.8.0_202-release-1483-b03)
# Java VM: OpenJDK 64-Bit Server VM (25.202-b03 mixed mode windows-amd64 compressed oops)
Heap:
 PSYoungGen      total 462848K, used 153689K [0x00000000e0000000, 0x0000000100000000, 0x0000000100000000)
  eden space 399360K, 31% used [0x00000000e0000000,0x00000000e79ffed0,0x00000000f8600000)
  from space 63488K, 45% used [0x00000000fc200000,0x00000000fde16598,0x0000000100000000)
  to   space 61440K, 0% used [0x00000000f8600000,0x00000000f8600000,0x00000000fc200000)
 ParOldGen       total 395776K, used 211259K [0x00000000a0000000, 0x00000000b8280000, 0x00000000e0000000)
  object space 395776K, 53% used [0x00000000a0000000,0x00000000ace4ee28,0x00000000b8280000)
 Metaspace       used 112475K, capacity 120134K, committed 120280K, reserved 1155072K
  class space    used 13932K, capacity 15262K, committed 15360K, reserved 1048576K
GC Heap History (10 events):
Event: 27668.416 GC heap before
{Heap before GC invocations=123 (full 8):
 PSYoungGen      total 492032K, used 484964K [0x00000000e0000000, 0x0000000100000000, 0x0000000100000000)
  eden space 463872K, 100% used [0x00000000e0000000,0x00000000fc500000,0x00000000fc500000)
  from space 28160K, 74% used [0x00000000fe200000,0x00000000ff699290,0x00000000ffd80000)
  to   space 29696K, 0% used [0x00000000fc500000,0x00000000fc500000,0x00000000fe200000)
 ParOldGen       total 305664K, used 240314K [0x00000000a0000000, 0x00000000b2a80000, 0x00000000e0000000)
  object space 305664K, 78% used [0x00000000a0000000,0x00000000aeaaeae8,0x00000000b2a80000)
 Metaspace       used 110762K, capacity 117248K, committed 119384K, reserved 1153024K
  class space    used 13682K, capacity 14824K, committed 15232K, reserved 1048576K
Event: 27668.595 GC heap after
Heap after GC invocations=123 (full 8):
 PSYoungGen      total 493568K, used 29691K [0x00000000e0000000, 0x0000000100000000, 0x0000000100000000)
  eden space 463872K, 0% used [0x00000000e0000000,0x00000000e0000000,0x00000000fc500000)
  from space 29696K, 99% used [0x00000000fc500000,0x00000000fe1fef68,0x00000000fe200000)
  to   space 30720K, 0% used [0x00000000fe200000,0x00000000fe200000,0x0000000100000000)
 ParOldGen       total 308736K, used 308604K [0x00000000a0000000, 0x00000000b2d80000, 0x00000000e0000000)
  object space 308736K, 99% used [0x00000000a0000000,0x00000000b2d5f108,0x00000000b2d80000)
 Metaspace       used 110762K, capacity 117248K, committed 119384K, reserved 1153024K
  class space    used 13682K, capacity 14824K, committed 15232K, reserved 1048576K
}
Event: 27668.595 GC heap before
{Heap before GC invocations=124 (full 9):
 PSYoungGen      total 493568K, used 29691K [0x00000000e0000000, 0x0000000100000000, 0x0000000100000000)
  eden space 463872K, 0% used [0x00000000e0000000,0x00000000e0000000,0x00000000fc500000)
  from space 29696K, 99% used [0x00000000fc500000,0x00000000fe1fef68,0x00000000fe200000)
  to   space 30720K, 0% used [0x00000000fe200000,0x00000000fe200000,0x0000000100000000)
 ParOldGen       total 308736K, used 308604K [0x00000000a0000000, 0x00000000b2d80000, 0x00000000e0000000)
  object space 308736K, 99% used [0x00000000a0000000,0x00000000b2d5f108,0x00000000b2d80000)
 Metaspace       used 110762K, capacity 117248K, committed 119384K, reserved 1153024K
  class space    used 13682K, capacity 14824K, committed 15232K, reserved 1048576K
Event: 27669.815 GC heap after
Heap after GC invocations=124 (full 9):
 PSYoungGen      total 493568K, used 0K [0x00000000e0000000, 0x0000000100000000, 0x0000000100000000)
  eden space 463872K, 0% used [0x00000000e0000000,0x00000000e0000000,0x00000000fc500000)
  from space 29696K, 0% used [0x00000000fc500000,0x00000000fc500000,0x00000000fe200000)
  to   space 30720K, 0% used [0x00000000fe200000,0x00000000fe200000,0x0000000100000000)
 ParOldGen       total 395776K, used 184848K [0x00000000a0000000, 0x00000000b8280000, 0x00000000e0000000)
  object space 395776K, 46% used [0x00000000a0000000,0x00000000ab4841d8,0x00000000b8280000)
 Metaspace       used 110762K, capacity 117248K, committed 119384K, reserved 1153024K
  class space    used 13682K, capacity 14824K, committed 15232K, reserved 1048576K
}
Event: 27784.539 GC heap before
{Heap before GC invocations=125 (full 9):
 PSYoungGen      total 493568K, used 463872K [0x00000000e0000000, 0x0000000100000000, 0x0000000100000000)
  eden space 463872K, 100% used [0x00000000e0000000,0x00000000fc500000,0x00000000fc500000)
  from space 29696K, 0% used [0x00000000fc500000,0x00000000fc500000,0x00000000fe200000)
  to   space 30720K, 0% used [0x00000000fe200000,0x00000000fe200000,0x0000000100000000)
 ParOldGen       total 395776K, used 184848K [0x00000000a0000000, 0x00000000b8280000, 0x00000000e0000000)
  object space 395776K, 46% used [0x00000000a0000000,0x00000000ab4841d8,0x00000000b8280000)
 Metaspace       used 111797K, capacity 119076K, committed 119384K, reserved 1153024K
  class space    used 13859K, capacity 15129K, committed 15232K, reserved 1048576K
Event: 27784.621 GC heap after
Heap after GC invocations=125 (full 9):
 PSYoungGen      total 441344K, used 24119K [0x00000000e0000000, 0x0000000100000000, 0x0000000100000000)
  eden space 410624K, 0% used [0x00000000e0000000,0x00000000e0000000,0x00000000f9100000)
  from space 30720K, 78% used [0x00000000fe200000,0x00000000ff98dd50,0x0000000100000000)
  to   space 56832K, 0% used [0x00000000f9100000,0x00000000f9100000,0x00000000fc880000)
 ParOldGen       total 395776K, used 184856K [0x00000000a0000000, 0x00000000b8280000, 0x00000000e0000000)
  object space 395776K, 46% used [0x00000000a0000000,0x00000000ab4861d8,0x00000000b8280000)
 Metaspace       used 111797K, capacity 119076K, committed 119384K, reserved 1153024K
  class space    used 13859K, capacity 15129K, committed 15232K, reserved 1048576K
}
Event: 27822.260 GC heap before
{Heap before GC invocations=126 (full 9):
 PSYoungGen      total 441344K, used 434743K [0x00000000e0000000, 0x0000000100000000, 0x0000000100000000)
  eden space 410624K, 100% used [0x00000000e0000000,0x00000000f9100000,0x00000000f9100000)
  from space 30720K, 78% used [0x00000000fe200000,0x00000000ff98dd50,0x0000000100000000)
  to   space 56832K, 0% used [0x00000000f9100000,0x00000000f9100000,0x00000000fc880000)
 ParOldGen       total 395776K, used 184856K [0x00000000a0000000, 0x00000000b8280000, 0x00000000e0000000)
  object space 395776K, 46% used [0x00000000a0000000,0x00000000ab4861d8,0x00000000b8280000)
 Metaspace       used 112204K, capacity 119746K, committed 120024K, reserved 1155072K
  class space    used 13914K, capacity 15230K, committed 15360K, reserved 1048576K
Event: 27822.353 GC heap after
Heap after GC invocations=126 (full 9):
 PSYoungGen      total 460288K, used 49475K [0x00000000e0000000, 0x0000000100000000, 0x0000000100000000)
  eden space 410624K, 0% used [0x00000000e0000000,0x00000000e0000000,0x00000000f9100000)
  from space 49664K, 99% used [0x00000000f9100000,0x00000000fc150cd0,0x00000000fc180000)
  to   space 63488K, 0% used [0x00000000fc200000,0x00000000fc200000,0x0000000100000000)
 ParOldGen       total 395776K, used 202980K [0x00000000a0000000, 0x00000000b8280000, 0x00000000e0000000)
  object space 395776K, 51% used [0x00000000a0000000,0x00000000ac6393f0,0x00000000b8280000)
 Metaspace       used 112204K, capacity 119746K, committed 120024K, reserved 1155072K
  class space    used 13914K, capacity 15230K, committed 15360K, reserved 1048576K
}
Event: 27848.710 GC heap before
{Heap before GC invocations=127 (full 9):
 PSYoungGen      total 460288K, used 460099K [0x00000000e0000000, 0x0000000100000000, 0x0000000100000000)
  eden space 410624K, 100% used [0x00000000e0000000,0x00000000f9100000,0x00000000f9100000)
  from space 49664K, 99% used [0x00000000f9100000,0x00000000fc150cd0,0x00000000fc180000)
  to   space 63488K, 0% used [0x00000000fc200000,0x00000000fc200000,0x0000000100000000)
 ParOldGen       total 395776K, used 202980K [0x00000000a0000000, 0x00000000b8280000, 0x00000000e0000000)
  object space 395776K, 51% used [0x00000000a0000000,0x00000000ac6393f0,0x00000000b8280000)
 Metaspace       used 112431K, capacity 120070K, committed 120280K, reserved 1155072K
  class space    used 13931K, capacity 15262K, committed 15360K, reserved 1048576K
Event: 27848.759 GC heap after
Heap after GC invocations=127 (full 9):
 PSYoungGen      total 462848K, used 28761K [0x00000000e0000000, 0x0000000100000000, 0x0000000100000000)
  eden space 399360K, 0% used [0x00000000e0000000,0x00000000e0000000,0x00000000f8600000)
  from space 63488K, 45% used [0x00000000fc200000,0x00000000fde16598,0x0000000100000000)
  to   space 61440K, 0% used [0x00000000f8600000,0x00000000f8600000,0x00000000fc200000)
 ParOldGen       total 395776K, used 211259K [0x00000000a0000000, 0x00000000b8280000, 0x00000000e0000000)
  object space 395776K, 53% used [0x00000000a0000000,0x00000000ace4ee28,0x00000000b8280000)
 Metaspace       used 112431K, capacity 120070K, committed 120280K, reserved 1155072K
  class space    used 13931K, capacity 15262K, committed 15360K, reserved 1048576K
}

